Using pre-set license
Built from 'master' branch; Version is '2020.3.36f1 (71f96b79b9f0) revision 7469419'; Using compiler version '192528614'; Build Type 'Release'
OS: 'Windows 11  (10.0.22000) 64bit CoreSingleLanguage' Language: 'en' Physical Memory: 8070 MB
BatchMode: 1, IsHumanControllingUs: 0, StartBugReporterOnCrash: 0, Is64bit: 1, IsPro: 0

COMMAND LINE ARGUMENTS:
C:\Program Files\Unity\Hub\Editor\2020.3.36f1\Editor\Unity.exe
-adb2
-batchMode
-noUpm
-name
AssetImportWorker0
-projectPath
C:/Users/Deo Saju/Downloads/3D-Museum-Unity-main/3D-Museum-Unity-main
-logFile
Logs/AssetImportWorker0.log
-srvPort
61318
Successfully changed project path to: C:/Users/Deo Saju/Downloads/3D-Museum-Unity-main/3D-Museum-Unity-main
C:/Users/Deo Saju/Downloads/3D-Museum-Unity-main/3D-Museum-Unity-main
Using Asset Import Pipeline V2.
Refreshing native plugins compatible for Editor in 42.46 ms, found 2 plugins.
Preloading 0 native plugins for Editor in 0.00 ms.
Initialize engine version: 2020.3.36f1 (71f96b79b9f0)
[Subsystems] Discovering subsystems at path C:/Program Files/Unity/Hub/Editor/2020.3.36f1/Editor/Data/Resources/UnitySubsystems
[Subsystems] Discovering subsystems at path C:/Users/Deo Saju/Downloads/3D-Museum-Unity-main/3D-Museum-Unity-main/Assets
GfxDevice: creating device client; threaded=0
Direct3D:
    Version:  Direct3D 11.0 [level 11.0]
    Renderer: NVIDIA GeForce MX130 (ID=0x174d)
    Vendor:   
    VRAM:     2010 MB
    Driver:   31.0.15.1659
Initialize mono
Mono path[0] = 'C:/Program Files/Unity/Hub/Editor/2020.3.36f1/Editor/Data/Managed'
Mono path[1] = 'C:/Program Files/Unity/Hub/Editor/2020.3.36f1/Editor/Data/MonoBleedingEdge/lib/mono/unityjit'
Mono config path = 'C:/Program Files/Unity/Hub/Editor/2020.3.36f1/Editor/Data/MonoBleedingEdge/etc'
Using monoOptions --debugger-agent=transport=dt_socket,embedding=1,server=y,suspend=n,address=127.0.0.1:56904
Begin MonoManager ReloadAssembly
Registering precompiled unity dll's ...
Register platform support module: C:/Program Files/Unity/Hub/Editor/2020.3.36f1/Editor/Data/PlaybackEngines/WindowsStandaloneSupport/UnityEditor.WindowsStandalone.Extensions.dll
Registered in 0.001594 seconds.
Native extension for WindowsStandalone target not found
Refreshing native plugins compatible for Editor in 46.27 ms, found 2 plugins.
Preloading 0 native plugins for Editor in 0.00 ms.
Mono: successfully reloaded assembly
- Completed reload, in  0.688 seconds
Domain Reload Profiling:
	ReloadAssembly (688ms)
		BeginReloadAssembly (71ms)
			ExecutionOrderSort (0ms)
			DisableScriptedObjects (0ms)
			BackupInstance (0ms)
			ReleaseScriptingObjects (0ms)
			CreateAndSetChildDomain (1ms)
		EndReloadAssembly (535ms)
			LoadAssemblies (69ms)
			RebuildTransferFunctionScriptingTraits (0ms)
			SetupTypeCache (180ms)
			ReleaseScriptCaches (0ms)
			RebuildScriptCaches (38ms)
			SetupLoadedEditorAssemblies (191ms)
				LogAssemblyErrors (0ms)
				InitializePlatformSupportModulesInManaged (5ms)
				SetLoadedEditorAssemblies (1ms)
				RefreshPlugins (46ms)
				BeforeProcessingInitializeOnLoad (9ms)
				ProcessInitializeOnLoadAttributes (95ms)
				ProcessInitializeOnLoadMethodAttributes (35ms)
				AfterProcessingInitializeOnLoad (0ms)
				EditorAssembliesLoaded (0ms)
			ExecutionOrderSort2 (0ms)
			AwakeInstancesAfterBackupRestoration (0ms)
Platform modules already initialized, skipping
Registering precompiled user dll's ...
Registered in 0.002953 seconds.
Begin MonoManager ReloadAssembly
Native extension for WindowsStandalone target not found
Refreshing native plugins compatible for Editor in 0.41 ms, found 2 plugins.
Preloading 0 native plugins for Editor in 0.00 ms.
Mono: successfully reloaded assembly
- Completed reload, in  1.189 seconds
Domain Reload Profiling:
	ReloadAssembly (1190ms)
		BeginReloadAssembly (219ms)
			ExecutionOrderSort (0ms)
			DisableScriptedObjects (6ms)
			BackupInstance (0ms)
			ReleaseScriptingObjects (0ms)
			CreateAndSetChildDomain (29ms)
		EndReloadAssembly (902ms)
			LoadAssemblies (128ms)
			RebuildTransferFunctionScriptingTraits (0ms)
			SetupTypeCache (305ms)
			ReleaseScriptCaches (0ms)
			RebuildScriptCaches (47ms)
			SetupLoadedEditorAssemblies (345ms)
				LogAssemblyErrors (0ms)
				InitializePlatformSupportModulesInManaged (5ms)
				SetLoadedEditorAssemblies (1ms)
				RefreshPlugins (0ms)
				BeforeProcessingInitializeOnLoad (76ms)
				ProcessInitializeOnLoadAttributes (241ms)
				ProcessInitializeOnLoadMethodAttributes (17ms)
				AfterProcessingInitializeOnLoad (5ms)
				EditorAssembliesLoaded (0ms)
			ExecutionOrderSort2 (0ms)
			AwakeInstancesAfterBackupRestoration (2ms)
Platform modules already initialized, skipping
========================================================================
Worker process is ready to serve import requests
Launched and connected shader compiler UnityShaderCompiler.exe after 0.06 seconds
Refreshing native plugins compatible for Editor in 0.36 ms, found 2 plugins.
Preloading 0 native plugins for Editor in 0.00 ms.
Unloading 1515 Unused Serialized files (Serialized files now loaded: 0)
System memory in use before: 70.3 MB.
System memory in use after: 70.4 MB.

Unloading 16 unused Assets to reduce memory usage. Loaded Objects now: 1953.
Total: 3.292100 ms (FindLiveObjects: 0.141800 ms CreateObjectMapping: 0.067300 ms MarkObjects: 3.008500 ms  DeleteObjects: 0.073400 ms)

AssetImportParameters requested are different than current active one (requested -> active):
  custom:framework-win-MediaFoundation: 216162199b28c13a410421893ffa2e32 -> 
  custom:video-decoder-ogg-theora: a1e56fd34408186e4bbccfd4996cb3dc -> 
  custom:container-muxer-webm: aa71ff27fc2769a1b78a27578f13a17b -> 
  custom:container-demuxer-webm: 4f35f7cbe854078d1ac9338744f61a02 -> 
  custom:container-demuxer-ogg: 62fdf1f143b41e24485cea50d1cbac27 -> 
  custom:video-encoder-webm-vp8: eb34c28f22e8b96e1ab97ce403110664 -> 
  custom:video-decoder-webm-vp8: 9c59270c3fd7afecdb556c50c9e8de78 -> 
  custom:audio-decoder-ogg-vorbis: bf7c407c2cedff20999df2af8eb42d56 -> 
  custom:audio-encoder-webm-vorbis: bf7c407c2cedff20999df2af8eb42d56 -> 
========================================================================
Received Import Request.
  path: Assets/Scenes/3d-model.obj
  artifactKey: Guid(97156ba83b1d8fa4c8b3a0fa32bb0637) Importer(815301076,1909f56bfc062723c751e8b465ee728b)
Start importing Assets/Scenes/3d-model.obj using Guid(97156ba83b1d8fa4c8b3a0fa32bb0637) Importer(815301076,1909f56bfc062723c751e8b465ee728b)  -> (artifact id: 'a96118b71e4f153a62bf09260edde142') in 0.196699 seconds 
========================================================================
Received Import Request.
  Time since last request: 326.434528 seconds.
  path: Assets/uploads_files_80541_Wall_Mounted_Candle_Holder.stl
  artifactKey: Guid(a852b56f163bb3240bc7743a4e12ed4a) Importer(815301076,1909f56bfc062723c751e8b465ee728b)
Start importing Assets/uploads_files_80541_Wall_Mounted_Candle_Holder.stl using Guid(a852b56f163bb3240bc7743a4e12ed4a) Importer(815301076,1909f56bfc062723c751e8b465ee728b)  -> (artifact id: '3129c079e712442e6cc52e2b3c2febf8') in 0.008893 seconds 
========================================================================
Received Import Request.
  Time since last request: 29.087463 seconds.
  path: Assets/uploads_files_2369546_Gold+coin+-+Triangles.obj
  artifactKey: Guid(f16c199a67208394aaf6a0064eaa7cff) Importer(815301076,1909f56bfc062723c751e8b465ee728b)
Start importing Assets/uploads_files_2369546_Gold+coin+-+Triangles.obj using Guid(f16c199a67208394aaf6a0064eaa7cff) Importer(815301076,1909f56bfc062723c751e8b465ee728b)  -> (artifact id: 'e3ebefefffaf81b2e4881724101e05fe') in 0.088481 seconds 
========================================================================
Received Import Request.
  Time since last request: 0.000319 seconds.
  path: Assets/uploads_files_2888772_stellar.obj
  artifactKey: Guid(c095395cfc0d22f4b8be264eb2926b94) Importer(815301076,1909f56bfc062723c751e8b465ee728b)
Start importing Assets/uploads_files_2888772_stellar.obj using Guid(c095395cfc0d22f4b8be264eb2926b94) Importer(815301076,1909f56bfc062723c751e8b465ee728b)  -> (artifact id: 'cb7d80b9f795f66d2539d3ec3781d1fb') in 0.119296 seconds 
========================================================================
Received Import Request.
  Time since last request: 0.000327 seconds.
  path: Assets/uploads_files_2545578_Doge.obj
  artifactKey: Guid(a067bd3d82d8e5141bd67790f78c9656) Importer(815301076,1909f56bfc062723c751e8b465ee728b)
Start importing Assets/uploads_files_2545578_Doge.obj using Guid(a067bd3d82d8e5141bd67790f78c9656) Importer(815301076,1909f56bfc062723c751e8b465ee728b)  -> (artifact id: 'fd4f487ddae0b5bc6c58577cc302530d') in 0.112264 seconds 
========================================================================
Received Import Request.
  Time since last request: 114.358679 seconds.
  path: Assets/MenuBoard
  artifactKey: Guid(a4dafac7cf8b7694c85b96d5531cb6f4) Importer(815301076,1909f56bfc062723c751e8b465ee728b)
Start importing Assets/MenuBoard using Guid(a4dafac7cf8b7694c85b96d5531cb6f4) Importer(815301076,1909f56bfc062723c751e8b465ee728b)  -> (artifact id: 'b4a0e8eb9cb9b8a17229896f9049e877') in 0.003957 seconds 
========================================================================
Received Import Request.
  Time since last request: 7.237974 seconds.
  path: Assets/Textures/ajeng2.jpeg
  artifactKey: Guid(3722cb219618b4a4e856852ccaa9797f) Importer(815301076,1909f56bfc062723c751e8b465ee728b)
Start importing Assets/Textures/ajeng2.jpeg using Guid(3722cb219618b4a4e856852ccaa9797f) Importer(815301076,1909f56bfc062723c751e8b465ee728b)  -> (artifact id: 'b995916749f0a8ac9931dd415993f8af') in 0.102271 seconds 
========================================================================
Received Import Request.
  Time since last request: 0.000377 seconds.
  path: Assets/Textures/TITLE.png
  artifactKey: Guid(557f73d5e3574df4c83cb9ab913b739e) Importer(815301076,1909f56bfc062723c751e8b465ee728b)
Start importing Assets/Textures/TITLE.png using Guid(557f73d5e3574df4c83cb9ab913b739e) Importer(815301076,1909f56bfc062723c751e8b465ee728b)  -> (artifact id: 'ff39b6f6faab2f4a1a5a06ba76c1561d') in 0.017618 seconds 
========================================================================
Received Import Request.
  Time since last request: 0.000331 seconds.
  path: Assets/Textures
  artifactKey: Guid(0c9ecb11c63c47940a81fbf59095a49b) Importer(815301076,1909f56bfc062723c751e8b465ee728b)
Start importing Assets/Textures using Guid(0c9ecb11c63c47940a81fbf59095a49b) Importer(815301076,1909f56bfc062723c751e8b465ee728b)  -> (artifact id: '96cc8641d5ab5afb24f2a85694a16209') in 0.002168 seconds 
========================================================================
Received Import Request.
  Time since last request: 0.001820 seconds.
  path: Assets/Textures/gun.jpg
  artifactKey: Guid(0e526e68de2128945a0218fe49661e4f) Importer(815301076,1909f56bfc062723c751e8b465ee728b)
Start importing Assets/Textures/gun.jpg using Guid(0e526e68de2128945a0218fe49661e4f) Importer(815301076,1909f56bfc062723c751e8b465ee728b)  -> (artifact id: '29240f3f111f652a331a3588d8feb000') in 0.035238 seconds 
========================================================================
Received Import Request.
  Time since last request: 0.000947 seconds.
  path: Assets/Textures/da3.jpeg
  artifactKey: Guid(ba9f45471a3193d44ae7a6f0649ed721) Importer(815301076,1909f56bfc062723c751e8b465ee728b)
Start importing Assets/Textures/da3.jpeg using Guid(ba9f45471a3193d44ae7a6f0649ed721) Importer(815301076,1909f56bfc062723c751e8b465ee728b)  -> (artifact id: 'a4d1517ea8f03d49a00b2df691c3f6f8') in 0.049171 seconds 
========================================================================
Received Import Request.
  Time since last request: 103.605157 seconds.
  path: Assets/Textures/1_SGfdx8JpSjogyqCXhX7jTQ.jpeg
  artifactKey: Guid(8f2daf1bf47be244e845a7171a87f957) Importer(815301076,1909f56bfc062723c751e8b465ee728b)
Start importing Assets/Textures/1_SGfdx8JpSjogyqCXhX7jTQ.jpeg using Guid(8f2daf1bf47be244e845a7171a87f957) Importer(815301076,1909f56bfc062723c751e8b465ee728b)  -> (artifact id: '2c051b804d8d26ab255af427dc9cd3f0') in 0.016591 seconds 
========================================================================
Received Import Request.
  Time since last request: 74.446427 seconds.
  path: Assets/Textures/Pictures/akordeon.jpg
  artifactKey: Guid(b26e9ea58746b6844a381b2c89fbdc3d) Importer(815301076,1909f56bfc062723c751e8b465ee728b)
Start importing Assets/Textures/Pictures/akordeon.jpg using Guid(b26e9ea58746b6844a381b2c89fbdc3d) Importer(815301076,1909f56bfc062723c751e8b465ee728b)  -> (artifact id: '40ae789678e09c1f71576aa8d32fbbdd') in 0.022032 seconds 
========================================================================
Received Import Request.
  Time since last request: 0.000276 seconds.
  path: Assets/Textures/Pictures/gambus.jpg
  artifactKey: Guid(99b973d4c520d6644b5880f3fa5ebf4e) Importer(815301076,1909f56bfc062723c751e8b465ee728b)
Start importing Assets/Textures/Pictures/gambus.jpg using Guid(99b973d4c520d6644b5880f3fa5ebf4e) Importer(815301076,1909f56bfc062723c751e8b465ee728b)  -> (artifact id: '66601bdf76dcde3c3b52c0803d4e47a3') in 0.012580 seconds 
========================================================================
Received Import Request.
  Time since last request: 0.000452 seconds.
  path: Assets/Textures/Pictures/flute.jpeg
  artifactKey: Guid(91d7fc8b174c3bb40880cf7d5e542b1a) Importer(815301076,1909f56bfc062723c751e8b465ee728b)
Start importing Assets/Textures/Pictures/flute.jpeg using Guid(91d7fc8b174c3bb40880cf7d5e542b1a) Importer(815301076,1909f56bfc062723c751e8b465ee728b)  -> (artifact id: '752b6108eacaed231b9abc85ee475a21') in 0.014526 seconds 
========================================================================
Received Import Request.
  Time since last request: 0.000362 seconds.
  path: Assets/Textures/Pictures/harpa.jpg
  artifactKey: Guid(b0827a06e4931ad4e851cb45326a91cc) Importer(815301076,1909f56bfc062723c751e8b465ee728b)
Start importing Assets/Textures/Pictures/harpa.jpg using Guid(b0827a06e4931ad4e851cb45326a91cc) Importer(815301076,1909f56bfc062723c751e8b465ee728b)  -> (artifact id: '5f5d20e1828c2995d3046e6fdcb2d0b4') in 0.012823 seconds 
========================================================================
Received Import Request.
  Time since last request: 0.000513 seconds.
  path: Assets/Textures/Pictures/tambo.jpg
  artifactKey: Guid(3339adebe5eb72a4d99ead7d49e66e34) Importer(815301076,1909f56bfc062723c751e8b465ee728b)
Start importing Assets/Textures/Pictures/tambo.jpg using Guid(3339adebe5eb72a4d99ead7d49e66e34) Importer(815301076,1909f56bfc062723c751e8b465ee728b)  -> (artifact id: 'f8a43a32cb0155ecc3311e8cc90bb5e9') in 0.017113 seconds 
========================================================================
Received Import Request.
  Time since last request: 0.000307 seconds.
  path: Assets/Textures/Pictures/bass.jpg
  artifactKey: Guid(8b292903146cc524ca30497d91c524c3) Importer(815301076,1909f56bfc062723c751e8b465ee728b)
Start importing Assets/Textures/Pictures/bass.jpg using Guid(8b292903146cc524ca30497d91c524c3) Importer(815301076,1909f56bfc062723c751e8b465ee728b)  -> (artifact id: 'a36006435e1848997ffd4d3971a8b8ea') in 0.011640 seconds 
========================================================================
Received Import Request.
  Time since last request: 0.000494 seconds.
  path: Assets/Textures/Pictures/oboe.jpeg
  artifactKey: Guid(fb7253aace5fc59459bb04572e57e2c3) Importer(815301076,1909f56bfc062723c751e8b465ee728b)
Start importing Assets/Textures/Pictures/oboe.jpeg using Guid(fb7253aace5fc59459bb04572e57e2c3) Importer(815301076,1909f56bfc062723c751e8b465ee728b)  -> (artifact id: '8dc8a884bea7a03bdbf885c8216bf20d') in 0.012045 seconds 
========================================================================
Received Import Request.
  Time since last request: 0.000400 seconds.
  path: Assets/Textures/Pictures
  artifactKey: Guid(41c5920e21c37a4489b929aee4b047ab) Importer(815301076,1909f56bfc062723c751e8b465ee728b)
Start importing Assets/Textures/Pictures using Guid(41c5920e21c37a4489b929aee4b047ab) Importer(815301076,1909f56bfc062723c751e8b465ee728b)  -> (artifact id: '572cf27419fcc338c68ecfa258271c69') in 0.005683 seconds 
========================================================================
Received Import Request.
  Time since last request: 0.000369 seconds.
  path: Assets/Textures/Pictures/suling.jpg
  artifactKey: Guid(375db04ca7a2bc34eb0baab360c0f717) Importer(815301076,1909f56bfc062723c751e8b465ee728b)
Start importing Assets/Textures/Pictures/suling.jpg using Guid(375db04ca7a2bc34eb0baab360c0f717) Importer(815301076,1909f56bfc062723c751e8b465ee728b)  -> (artifact id: '70d4d0068103df4b58c0b15ce5801733') in 0.015346 seconds 
========================================================================
Received Import Request.
  Time since last request: 0.000291 seconds.
  path: Assets/Textures/Pictures/brass.jpg
  artifactKey: Guid(3c72bbe5fdc136c4d8efcd22ede8f509) Importer(815301076,1909f56bfc062723c751e8b465ee728b)
Start importing Assets/Textures/Pictures/brass.jpg using Guid(3c72bbe5fdc136c4d8efcd22ede8f509) Importer(815301076,1909f56bfc062723c751e8b465ee728b)  -> (artifact id: '3332b64e9222fc4cf8ced20b5c6d7ca3') in 0.014168 seconds 
========================================================================
Received Import Request.
  Time since last request: 0.000349 seconds.
  path: Assets/Textures/Pictures/marimba.jpg
  artifactKey: Guid(82e71bfd9ebb6ec4cbdb09395db130d1) Importer(815301076,1909f56bfc062723c751e8b465ee728b)
Start importing Assets/Textures/Pictures/marimba.jpg using Guid(82e71bfd9ebb6ec4cbdb09395db130d1) Importer(815301076,1909f56bfc062723c751e8b465ee728b)  -> (artifact id: 'f76fcc5b88ecf3cdd7af33657254ea78') in 0.012481 seconds 
========================================================================
Received Import Request.
  Time since last request: 0.001111 seconds.
  path: Assets/Textures/Pictures/Harpsichord.jpg
  artifactKey: Guid(a5e02ed38e61ff24fb90cb84bef1fff4) Importer(815301076,1909f56bfc062723c751e8b465ee728b)
Start importing Assets/Textures/Pictures/Harpsichord.jpg using Guid(a5e02ed38e61ff24fb90cb84bef1fff4) Importer(815301076,1909f56bfc062723c751e8b465ee728b)  -> (artifact id: '28cdf187f9e9a20a1fa7229a0ed506c2') in 0.008977 seconds 
========================================================================
Received Import Request.
  Time since last request: 0.000412 seconds.
  path: Assets/Textures/Pictures/terompet.jpeg
  artifactKey: Guid(2982038d86d57ae4b8a8ad24364a4e0d) Importer(815301076,1909f56bfc062723c751e8b465ee728b)
Start importing Assets/Textures/Pictures/terompet.jpeg using Guid(2982038d86d57ae4b8a8ad24364a4e0d) Importer(815301076,1909f56bfc062723c751e8b465ee728b)  -> (artifact id: '05d9c0ad6177534adcc7e5b3cb2b6085') in 0.013322 seconds 
========================================================================
Received Import Request.
  Time since last request: 0.000362 seconds.
  path: Assets/Textures/Pictures/cajon.jpg
  artifactKey: Guid(62c39e67d8d04b544a21273ae09f33f3) Importer(815301076,1909f56bfc062723c751e8b465ee728b)
Start importing Assets/Textures/Pictures/cajon.jpg using Guid(62c39e67d8d04b544a21273ae09f33f3) Importer(815301076,1909f56bfc062723c751e8b465ee728b)  -> (artifact id: 'ef370d4468fabc5424fbbe20152096d9') in 0.015520 seconds 
========================================================================
Received Import Request.
  Time since last request: 0.000474 seconds.
  path: Assets/Textures/Pictures/aramba.jpg
  artifactKey: Guid(6df336e72e832af4586a9dd564539ed8) Importer(815301076,1909f56bfc062723c751e8b465ee728b)
Start importing Assets/Textures/Pictures/aramba.jpg using Guid(6df336e72e832af4586a9dd564539ed8) Importer(815301076,1909f56bfc062723c751e8b465ee728b)  -> (artifact id: '12e36ea00c5ae0fc000e04d7a2ef89b4') in 0.016859 seconds 
========================================================================
Received Import Request.
  Time since last request: 0.000312 seconds.
  path: Assets/Textures/Pictures/saxophone.png
  artifactKey: Guid(f5a5c1a3bc1a3e84887a16459e86f13f) Importer(815301076,1909f56bfc062723c751e8b465ee728b)
Start importing Assets/Textures/Pictures/saxophone.png using Guid(f5a5c1a3bc1a3e84887a16459e86f13f) Importer(815301076,1909f56bfc062723c751e8b465ee728b)  -> (artifact id: 'ccc9e93c51c3da1d8faea5066b91ea9c') in 0.011089 seconds 
========================================================================
Received Import Request.
  Time since last request: 0.000345 seconds.
  path: Assets/Textures/Pictures/biola.jpg
  artifactKey: Guid(9be2dedb025398746bf65fa415d9f7c5) Importer(815301076,1909f56bfc062723c751e8b465ee728b)
Start importing Assets/Textures/Pictures/biola.jpg using Guid(9be2dedb025398746bf65fa415d9f7c5) Importer(815301076,1909f56bfc062723c751e8b465ee728b)  -> (artifact id: '78ef75530019fb4b0e04d2587d25278b') in 0.011501 seconds 
========================================================================
Received Import Request.
  Time since last request: 0.000290 seconds.
  path: Assets/Textures/Pictures/kolintang.jpeg
  artifactKey: Guid(d28c33b71688a3440b035efb40f1f53f) Importer(815301076,1909f56bfc062723c751e8b465ee728b)
Start importing Assets/Textures/Pictures/kolintang.jpeg using Guid(d28c33b71688a3440b035efb40f1f53f) Importer(815301076,1909f56bfc062723c751e8b465ee728b)  -> (artifact id: '9219917fd71a350d99c40e64b2f1514e') in 0.015669 seconds 
========================================================================
Received Import Request.
  Time since last request: 0.000303 seconds.
  path: Assets/Textures/Pictures/tuma.JPG
  artifactKey: Guid(c7c69726750b1334e97815169aefc023) Importer(815301076,1909f56bfc062723c751e8b465ee728b)
Start importing Assets/Textures/Pictures/tuma.JPG using Guid(c7c69726750b1334e97815169aefc023) Importer(815301076,1909f56bfc062723c751e8b465ee728b)  -> (artifact id: 'd87aef07dd07a1c6cf73cd11dcbc33c9') in 0.014602 seconds 
========================================================================
Received Import Request.
  Time since last request: 0.000303 seconds.
  path: Assets/Textures/Pictures/clarinet.jpeg
  artifactKey: Guid(8f6b680a5aeeedc41af6eb0985048b37) Importer(815301076,1909f56bfc062723c751e8b465ee728b)
Start importing Assets/Textures/Pictures/clarinet.jpeg using Guid(8f6b680a5aeeedc41af6eb0985048b37) Importer(815301076,1909f56bfc062723c751e8b465ee728b)  -> (artifact id: 'd345c4adb3649dee66d5fb7b49f1a0d0') in 0.015970 seconds 
========================================================================
Received Import Request.
  Time since last request: 0.000317 seconds.
  path: Assets/Textures/Pictures/gitar.jpg
  artifactKey: Guid(20256407cd74460479b6f30c02cad345) Importer(815301076,1909f56bfc062723c751e8b465ee728b)
Start importing Assets/Textures/Pictures/gitar.jpg using Guid(20256407cd74460479b6f30c02cad345) Importer(815301076,1909f56bfc062723c751e8b465ee728b)  -> (artifact id: 'dd57b7e81f55adcb9cedd110942a1bcf') in 0.015773 seconds 
========================================================================
Received Import Request.
  Time since last request: 0.000266 seconds.
  path: Assets/Textures/Pictures/gendang.jpg
  artifactKey: Guid(e478b9ce5761b7c42a3be3e7d462f276) Importer(815301076,1909f56bfc062723c751e8b465ee728b)
Start importing Assets/Textures/Pictures/gendang.jpg using Guid(e478b9ce5761b7c42a3be3e7d462f276) Importer(815301076,1909f56bfc062723c751e8b465ee728b)  -> (artifact id: '5576ea875659da687ee01a513c7c076e') in 0.013188 seconds 
========================================================================
Received Import Request.
  Time since last request: 0.000290 seconds.
  path: Assets/Textures/Pictures/talempong.jpg
  artifactKey: Guid(e0c5319d940ad7043bb36adeadd174bd) Importer(815301076,1909f56bfc062723c751e8b465ee728b)
Start importing Assets/Textures/Pictures/talempong.jpg using Guid(e0c5319d940ad7043bb36adeadd174bd) Importer(815301076,1909f56bfc062723c751e8b465ee728b)  -> (artifact id: 'c094d8b42497964a2b70f8c40eefd1a0') in 0.024996 seconds 
========================================================================
Received Import Request.
  Time since last request: 0.000602 seconds.
  path: Assets/Textures/Pictures/calung.jpg
  artifactKey: Guid(71ff7b1a302b839418e9295100a2e607) Importer(815301076,1909f56bfc062723c751e8b465ee728b)
Start importing Assets/Textures/Pictures/calung.jpg using Guid(71ff7b1a302b839418e9295100a2e607) Importer(815301076,1909f56bfc062723c751e8b465ee728b)  -> (artifact id: '66aa973b66181f0e1c5be78ae36d2777') in 0.013943 seconds 
========================================================================
Received Import Request.
  Time since last request: 0.000356 seconds.
  path: Assets/Textures/Pictures/clavichord.jpg
  artifactKey: Guid(1099de6f845bd97478edc77ac8fd6d41) Importer(815301076,1909f56bfc062723c751e8b465ee728b)
Start importing Assets/Textures/Pictures/clavichord.jpg using Guid(1099de6f845bd97478edc77ac8fd6d41) Importer(815301076,1909f56bfc062723c751e8b465ee728b)  -> (artifact id: 'e21d8486347e8545f872bf0c5ca079b8') in 0.011369 seconds 
========================================================================
Received Import Request.
  Time since last request: 0.000491 seconds.
  path: Assets/Textures/Pictures/basson.jpeg
  artifactKey: Guid(4a522b16c4f7b614385dcc33f8bb17ac) Importer(815301076,1909f56bfc062723c751e8b465ee728b)
Start importing Assets/Textures/Pictures/basson.jpeg using Guid(4a522b16c4f7b614385dcc33f8bb17ac) Importer(815301076,1909f56bfc062723c751e8b465ee728b)  -> (artifact id: '652366c3ebeca9ad13cf383ae2b906ba') in 0.014019 seconds 
========================================================================
Received Import Request.
  Time since last request: 0.000485 seconds.
  path: Assets/Textures/Pictures/xylophone.jpg
  artifactKey: Guid(01f4e8003efae6d43ad12708b307d426) Importer(815301076,1909f56bfc062723c751e8b465ee728b)
Start importing Assets/Textures/Pictures/xylophone.jpg using Guid(01f4e8003efae6d43ad12708b307d426) Importer(815301076,1909f56bfc062723c751e8b465ee728b)  -> (artifact id: '69f6366131ca00c927de6f49a80d77ff') in 0.015592 seconds 
========================================================================
Received Import Request.
  Time since last request: 0.001176 seconds.
  path: Assets/Textures/Pictures/piano.jpg
  artifactKey: Guid(dc72da4d1c85c924a841a3687cd957ef) Importer(815301076,1909f56bfc062723c751e8b465ee728b)
Start importing Assets/Textures/Pictures/piano.jpg using Guid(dc72da4d1c85c924a841a3687cd957ef) Importer(815301076,1909f56bfc062723c751e8b465ee728b)  -> (artifact id: 'b6b934523c0baf12335a5c2bb2b7c151') in 0.016223 seconds 
========================================================================
Received Import Request.
  Time since last request: 6.599867 seconds.
  path: Assets/Textures/Pictures/Materials/akordeon.mat
  artifactKey: Guid(c7d54614d23a3ee41983a595982b8b3d) Importer(815301076,1909f56bfc062723c751e8b465ee728b)
Start importing Assets/Textures/Pictures/Materials/akordeon.mat using Guid(c7d54614d23a3ee41983a595982b8b3d) Importer(815301076,1909f56bfc062723c751e8b465ee728b)  -> (artifact id: 'ad45190953cc987f1ad3b508d61fcdc6') in 0.013288 seconds 
========================================================================
Received Import Request.
  Time since last request: 0.000382 seconds.
  path: Assets/Textures/Pictures/Materials/gitar.mat
  artifactKey: Guid(4413e60bf5e378c49910671cea1fe39f) Importer(815301076,1909f56bfc062723c751e8b465ee728b)
Start importing Assets/Textures/Pictures/Materials/gitar.mat using Guid(4413e60bf5e378c49910671cea1fe39f) Importer(815301076,1909f56bfc062723c751e8b465ee728b)  -> (artifact id: '9d443305233b4265beec3145e617aff6') in 0.042463 seconds 
========================================================================
Received Import Request.
  Time since last request: 0.000347 seconds.
  path: Assets/Textures/Pictures/Materials/gambus.mat
  artifactKey: Guid(0e39104a9849b794a93857eb8eeb906a) Importer(815301076,1909f56bfc062723c751e8b465ee728b)
Start importing Assets/Textures/Pictures/Materials/gambus.mat using Guid(0e39104a9849b794a93857eb8eeb906a) Importer(815301076,1909f56bfc062723c751e8b465ee728b)  -> (artifact id: '668b184f2f74f8c9db6243afb52d5112') in 0.013132 seconds 
========================================================================
Received Import Request.
  Time since last request: 0.000392 seconds.
  path: Assets/Textures/Pictures/Materials/bass.mat
  artifactKey: Guid(50ae3e95e78163e4bb040a09c7019f25) Importer(815301076,1909f56bfc062723c751e8b465ee728b)
Start importing Assets/Textures/Pictures/Materials/bass.mat using Guid(50ae3e95e78163e4bb040a09c7019f25) Importer(815301076,1909f56bfc062723c751e8b465ee728b)  -> (artifact id: 'a50fc7aa15c3b799fa8951d6f26d4ff1') in 0.025482 seconds 
========================================================================
Received Import Request.
  Time since last request: 0.000333 seconds.
  path: Assets/Textures/Pictures/Materials/biola.mat
  artifactKey: Guid(f08fb9efc6a478548bed0d1ae63e688b) Importer(815301076,1909f56bfc062723c751e8b465ee728b)
Start importing Assets/Textures/Pictures/Materials/biola.mat using Guid(f08fb9efc6a478548bed0d1ae63e688b) Importer(815301076,1909f56bfc062723c751e8b465ee728b)  -> (artifact id: '3e551d48ca288ba1ad0b6943f6884d9c') in 0.038959 seconds 
========================================================================
Received Import Request.
  Time since last request: 0.000435 seconds.
  path: Assets/Textures/Pictures/Materials/Harpsichord.mat
  artifactKey: Guid(9e3ca0b9eb79b8349a18533fd2e188e2) Importer(815301076,1909f56bfc062723c751e8b465ee728b)
Start importing Assets/Textures/Pictures/Materials/Harpsichord.mat using Guid(9e3ca0b9eb79b8349a18533fd2e188e2) Importer(815301076,1909f56bfc062723c751e8b465ee728b)  -> (artifact id: '4081f52ce1c2f5d56983c03482ee220c') in 0.039317 seconds 
========================================================================
Received Import Request.
  Time since last request: 0.000326 seconds.
  path: Assets/Textures/Pictures/Materials/brass.mat
  artifactKey: Guid(0cf6db2d1a576714bba5858f9bb3c86c) Importer(815301076,1909f56bfc062723c751e8b465ee728b)
Start importing Assets/Textures/Pictures/Materials/brass.mat using Guid(0cf6db2d1a576714bba5858f9bb3c86c) Importer(815301076,1909f56bfc062723c751e8b465ee728b)  -> (artifact id: '5c15f6e7efdd3bd432e435bd37bf2cae') in 0.035602 seconds 
========================================================================
Received Import Request.
  Time since last request: 0.001046 seconds.
  path: Assets/Textures/Pictures/Materials/tambo.mat
  artifactKey: Guid(698bab8fd32127a49b6a4758bc074734) Importer(815301076,1909f56bfc062723c751e8b465ee728b)
Start importing Assets/Textures/Pictures/Materials/tambo.mat using Guid(698bab8fd32127a49b6a4758bc074734) Importer(815301076,1909f56bfc062723c751e8b465ee728b)  -> (artifact id: '9adde193cfffec10c1bd31b8eea672dd') in 0.035962 seconds 
========================================================================
Received Import Request.
  Time since last request: 0.000385 seconds.
  path: Assets/Textures/Pictures/Materials/tuma.mat
  artifactKey: Guid(049a30e5e7f24344d86a7312f46b9635) Importer(815301076,1909f56bfc062723c751e8b465ee728b)
Start importing Assets/Textures/Pictures/Materials/tuma.mat using Guid(049a30e5e7f24344d86a7312f46b9635) Importer(815301076,1909f56bfc062723c751e8b465ee728b)  -> (artifact id: '1d224e5472884569ca52f8cf79a7e328') in 0.036820 seconds 
========================================================================
Received Import Request.
  Time since last request: 0.000441 seconds.
  path: Assets/Textures/Pictures/Materials/clarinet.mat
  artifactKey: Guid(ba4d7398efe07d44f936e906a6413981) Importer(815301076,1909f56bfc062723c751e8b465ee728b)
Start importing Assets/Textures/Pictures/Materials/clarinet.mat using Guid(ba4d7398efe07d44f936e906a6413981) Importer(815301076,1909f56bfc062723c751e8b465ee728b)  -> (artifact id: 'bb2b8e82dd50a2408a00cee16ff5fc5b') in 0.037437 seconds 
========================================================================
Received Import Request.
  Time since last request: 0.000328 seconds.
  path: Assets/Textures/Pictures/Materials/aramba.mat
  artifactKey: Guid(2db6baa7f04efc748aa9076f066dec00) Importer(815301076,1909f56bfc062723c751e8b465ee728b)
Start importing Assets/Textures/Pictures/Materials/aramba.mat using Guid(2db6baa7f04efc748aa9076f066dec00) Importer(815301076,1909f56bfc062723c751e8b465ee728b)  -> (artifact id: '5d9436ff6003c3a28ef7367c7bef5630') in 0.037086 seconds 
========================================================================
Received Import Request.
  Time since last request: 0.000348 seconds.
  path: Assets/Textures/Pictures/Materials/talempong.mat
  artifactKey: Guid(78e0a4c546d499d4cb287c481aa91aa4) Importer(815301076,1909f56bfc062723c751e8b465ee728b)
Start importing Assets/Textures/Pictures/Materials/talempong.mat using Guid(78e0a4c546d499d4cb287c481aa91aa4) Importer(815301076,1909f56bfc062723c751e8b465ee728b)  -> (artifact id: 'f4b61ba8382e142049072ead0c5443ea') in 0.037033 seconds 
========================================================================
Received Import Request.
  Time since last request: 0.000391 seconds.
  path: Assets/Textures/Pictures/Materials/flute.mat
  artifactKey: Guid(57c72007d548fb8418c1d9b01396afff) Importer(815301076,1909f56bfc062723c751e8b465ee728b)
Start importing Assets/Textures/Pictures/Materials/flute.mat using Guid(57c72007d548fb8418c1d9b01396afff) Importer(815301076,1909f56bfc062723c751e8b465ee728b)  -> (artifact id: '033bd227fa3c3fa515dc52c472edbaa2') in 0.035156 seconds 
========================================================================
Received Import Request.
  Time since last request: 0.000367 seconds.
  path: Assets/Textures/Pictures/Materials/cajon.mat
  artifactKey: Guid(50268622a2549274cbdd3728d8dbf74c) Importer(815301076,1909f56bfc062723c751e8b465ee728b)
Start importing Assets/Textures/Pictures/Materials/cajon.mat using Guid(50268622a2549274cbdd3728d8dbf74c) Importer(815301076,1909f56bfc062723c751e8b465ee728b)  -> (artifact id: '4838faaa731d9b1e409809ff4b019acd') in 0.038533 seconds 
========================================================================
Received Import Request.
  Time since last request: 0.000351 seconds.
  path: Assets/Textures/Pictures/Materials/marimba.mat
  artifactKey: Guid(5d0f03111eead364cbf68a937e37de96) Importer(815301076,1909f56bfc062723c751e8b465ee728b)
Start importing Assets/Textures/Pictures/Materials/marimba.mat using Guid(5d0f03111eead364cbf68a937e37de96) Importer(815301076,1909f56bfc062723c751e8b465ee728b)  -> (artifact id: 'a458d1bff0f26fd4d65fa25c705d9d61') in 0.034197 seconds 
========================================================================
Received Import Request.
  Time since last request: 0.000417 seconds.
  path: Assets/Textures/Pictures/Materials/oboe.mat
  artifactKey: Guid(291cd879b2a8eb74080d8cba1755035a) Importer(815301076,1909f56bfc062723c751e8b465ee728b)
Start importing Assets/Textures/Pictures/Materials/oboe.mat using Guid(291cd879b2a8eb74080d8cba1755035a) Importer(815301076,1909f56bfc062723c751e8b465ee728b)  -> (artifact id: '8553e84ee9ddaf8fe219c02d47f1b94d') in 0.036522 seconds 
========================================================================
Received Import Request.
  Time since last request: 0.000316 seconds.
  path: Assets/Textures/Pictures/Materials/kolintang.mat
  artifactKey: Guid(478c47513c5eb6546aac851951eaf47e) Importer(815301076,1909f56bfc062723c751e8b465ee728b)
Start importing Assets/Textures/Pictures/Materials/kolintang.mat using Guid(478c47513c5eb6546aac851951eaf47e) Importer(815301076,1909f56bfc062723c751e8b465ee728b)  -> (artifact id: 'c0764fd4f6ac1110ce1deb42139750c5') in 0.043224 seconds 
========================================================================
Received Import Request.
  Time since last request: 0.000367 seconds.
  path: Assets/Textures/Pictures/Materials/basson.mat
  artifactKey: Guid(a448c867d3a8bde48896df66cc246058) Importer(815301076,1909f56bfc062723c751e8b465ee728b)
Start importing Assets/Textures/Pictures/Materials/basson.mat using Guid(a448c867d3a8bde48896df66cc246058) Importer(815301076,1909f56bfc062723c751e8b465ee728b)  -> (artifact id: '05878fc95d28efaf0dc41515dec4195a') in 0.037968 seconds 
========================================================================
Received Import Request.
  Time since last request: 0.000437 seconds.
  path: Assets/Textures/Pictures/Materials
  artifactKey: Guid(b918222274eb7a34fb3d479aca3f7150) Importer(815301076,1909f56bfc062723c751e8b465ee728b)
Start importing Assets/Textures/Pictures/Materials using Guid(b918222274eb7a34fb3d479aca3f7150) Importer(815301076,1909f56bfc062723c751e8b465ee728b)  -> (artifact id: '054dae803e175ada6ade2cb7febe5450') in 0.005208 seconds 
========================================================================
Received Import Request.
  Time since last request: 0.000342 seconds.
  path: Assets/Textures/Pictures/Materials/suling.mat
  artifactKey: Guid(f6d9f3c105b3da340adecec2c69acacb) Importer(815301076,1909f56bfc062723c751e8b465ee728b)
Start importing Assets/Textures/Pictures/Materials/suling.mat using Guid(f6d9f3c105b3da340adecec2c69acacb) Importer(815301076,1909f56bfc062723c751e8b465ee728b)  -> (artifact id: 'a968631aa22e85db667950008eab0a12') in 0.067253 seconds 
========================================================================
Received Import Request.
  Time since last request: 0.000313 seconds.
  path: Assets/Textures/Pictures/Materials/calung.mat
  artifactKey: Guid(0928c33f6449e454e9760c5e6c3a225c) Importer(815301076,1909f56bfc062723c751e8b465ee728b)
Start importing Assets/Textures/Pictures/Materials/calung.mat using Guid(0928c33f6449e454e9760c5e6c3a225c) Importer(815301076,1909f56bfc062723c751e8b465ee728b)  -> (artifact id: '74a83d458892764ec987d70b1c980b83') in 0.036579 seconds 
========================================================================
Received Import Request.
  Time since last request: 0.000357 seconds.
  path: Assets/Textures/Pictures/Materials/clavichord.mat
  artifactKey: Guid(ff1e6a7be9e4b9a4c93ddcb568b43563) Importer(815301076,1909f56bfc062723c751e8b465ee728b)
Start importing Assets/Textures/Pictures/Materials/clavichord.mat using Guid(ff1e6a7be9e4b9a4c93ddcb568b43563) Importer(815301076,1909f56bfc062723c751e8b465ee728b)  -> (artifact id: '68a88c9cf383e0bed591ba0041d1f829') in 0.032330 seconds 
========================================================================
Received Import Request.
  Time since last request: 0.000300 seconds.
  path: Assets/Textures/Pictures/Materials/harpa.mat
  artifactKey: Guid(184e5e838f82d8d4d931491a57f9ea78) Importer(815301076,1909f56bfc062723c751e8b465ee728b)
Start importing Assets/Textures/Pictures/Materials/harpa.mat using Guid(184e5e838f82d8d4d931491a57f9ea78) Importer(815301076,1909f56bfc062723c751e8b465ee728b)  -> (artifact id: '3894f7dd44aa86bbba92da39972fb263') in 0.032518 seconds 
========================================================================
Received Import Request.
  Time since last request: 0.000272 seconds.
  path: Assets/Textures/Pictures/Materials/saxophone.mat
  artifactKey: Guid(8c1f8d5d3e7b5f74aaa29f5255aed729) Importer(815301076,1909f56bfc062723c751e8b465ee728b)
Start importing Assets/Textures/Pictures/Materials/saxophone.mat using Guid(8c1f8d5d3e7b5f74aaa29f5255aed729) Importer(815301076,1909f56bfc062723c751e8b465ee728b)  -> (artifact id: '14a678d4fc8df5cebd2242a0bdb46093') in 0.033316 seconds 
========================================================================
Received Import Request.
  Time since last request: 0.000277 seconds.
  path: Assets/Textures/Pictures/Materials/gendang.mat
  artifactKey: Guid(f5aad784b27d57441b50674d82d2e0b5) Importer(815301076,1909f56bfc062723c751e8b465ee728b)
Start importing Assets/Textures/Pictures/Materials/gendang.mat using Guid(f5aad784b27d57441b50674d82d2e0b5) Importer(815301076,1909f56bfc062723c751e8b465ee728b)  -> (artifact id: '3978304deebd604946e5200b2306b912') in 0.033174 seconds 
========================================================================
Received Import Request.
  Time since last request: 0.000291 seconds.
  path: Assets/Textures/Pictures/Materials/piano.mat
  artifactKey: Guid(631d32004b269844fb8eb4da696320b0) Importer(815301076,1909f56bfc062723c751e8b465ee728b)
Start importing Assets/Textures/Pictures/Materials/piano.mat using Guid(631d32004b269844fb8eb4da696320b0) Importer(815301076,1909f56bfc062723c751e8b465ee728b)  -> (artifact id: 'e7849744e83df1976de8281321bd67a5') in 0.031932 seconds 
========================================================================
Received Import Request.
  Time since last request: 0.000763 seconds.
  path: Assets/Textures/Pictures/Materials/serambu.mat
  artifactKey: Guid(1e0fc756f81da0e4a893d04bc7775db7) Importer(815301076,1909f56bfc062723c751e8b465ee728b)
Start importing Assets/Textures/Pictures/Materials/serambu.mat using Guid(1e0fc756f81da0e4a893d04bc7775db7) Importer(815301076,1909f56bfc062723c751e8b465ee728b)  -> (artifact id: 'cea538adb8c042dd2b3aaf84249297b6') in 0.035026 seconds 
========================================================================
Received Import Request.
  Time since last request: 0.000221 seconds.
  path: Assets/Textures/Pictures/Materials/xylophone.mat
  artifactKey: Guid(a814a42fd9db134439feec4c64005a38) Importer(815301076,1909f56bfc062723c751e8b465ee728b)
Start importing Assets/Textures/Pictures/Materials/xylophone.mat using Guid(a814a42fd9db134439feec4c64005a38) Importer(815301076,1909f56bfc062723c751e8b465ee728b)  -> (artifact id: '182ae6ec1564348c88e5a8fb7e8d492c') in 0.030397 seconds 
========================================================================
Received Import Request.
  Time since last request: 105.104880 seconds.
  path: Assets/Textures/02_pm-5c085a0e46e0fb0001da1140.png
  artifactKey: Guid(01bf6aaea05ac7d4ba7c18708eed1f5a) Importer(815301076,1909f56bfc062723c751e8b465ee728b)
Start importing Assets/Textures/02_pm-5c085a0e46e0fb0001da1140.png using Guid(01bf6aaea05ac7d4ba7c18708eed1f5a) Importer(815301076,1909f56bfc062723c751e8b465ee728b)  -> (artifact id: '9e5fb9b75e3001125456a3c22804731f') in 0.021131 seconds 
========================================================================
Received Import Request.
  Time since last request: 138.720929 seconds.
  path: Assets/15-flower
  artifactKey: Guid(6d758a1311c422b479e3bc4b52cdaf0a) Importer(815301076,1909f56bfc062723c751e8b465ee728b)
Start importing Assets/15-flower using Guid(6d758a1311c422b479e3bc4b52cdaf0a) Importer(815301076,1909f56bfc062723c751e8b465ee728b)  -> (artifact id: '136a49106c66be936859936d2e4b292b') in 0.008586 seconds 
========================================================================
Received Import Request.
  Time since last request: 3.550070 seconds.
  path: Assets/FirstPersion AIO Pack
  artifactKey: Guid(ff0caae8978fbf94bb08875128610732) Importer(815301076,1909f56bfc062723c751e8b465ee728b)
Start importing Assets/FirstPersion AIO Pack using Guid(ff0caae8978fbf94bb08875128610732) Importer(815301076,1909f56bfc062723c751e8b465ee728b)  -> (artifact id: 'd4cf2eaf55775d25462b9d8a8a7a8f0a') in 0.002836 seconds 
========================================================================
Received Import Request.
  Time since last request: 79.401646 seconds.
  path: Assets/Textures/Blockchain Explained (1).jpg
  artifactKey: Guid(151c22ada00fa574c83ab298018dcd74) Importer(815301076,1909f56bfc062723c751e8b465ee728b)
Start importing Assets/Textures/Blockchain Explained (1).jpg using Guid(151c22ada00fa574c83ab298018dcd74) Importer(815301076,1909f56bfc062723c751e8b465ee728b)  -> (artifact id: '3e5f3c9f59e85729954e6b4fd705d1b9') in 0.014048 seconds 
========================================================================
Received Import Request.
  Time since last request: 133.151916 seconds.
  path: Assets/Astro_Lighting_Parma_160_Wall.obj
  artifactKey: Guid(e0aba9601997ccd479cd0599823ecff1) Importer(815301076,1909f56bfc062723c751e8b465ee728b)
Start importing Assets/Astro_Lighting_Parma_160_Wall.obj using Guid(e0aba9601997ccd479cd0599823ecff1) Importer(815301076,1909f56bfc062723c751e8b465ee728b)  -> (artifact id: 'c43908879b5fdb0ea323fee7d573222d') in 0.041771 seconds 
========================================================================
Received Prepare
Registering precompiled user dll's ...
Registered in 0.005015 seconds.
Begin MonoManager ReloadAssembly
Native extension for WindowsStandalone target not found
Refreshing native plugins compatible for Editor in 0.88 ms, found 2 plugins.
Preloading 0 native plugins for Editor in 0.00 ms.
Mono: successfully reloaded assembly
- Completed reload, in  2.118 seconds
Domain Reload Profiling:
	ReloadAssembly (2120ms)
		BeginReloadAssembly (243ms)
			ExecutionOrderSort (0ms)
			DisableScriptedObjects (9ms)
			BackupInstance (0ms)
			ReleaseScriptingObjects (0ms)
			CreateAndSetChildDomain (71ms)
		EndReloadAssembly (1723ms)
			LoadAssemblies (210ms)
			RebuildTransferFunctionScriptingTraits (0ms)
			SetupTypeCache (600ms)
			ReleaseScriptCaches (1ms)
			RebuildScriptCaches (91ms)
			SetupLoadedEditorAssemblies (636ms)
				LogAssemblyErrors (0ms)
				InitializePlatformSupportModulesInManaged (10ms)
				SetLoadedEditorAssemblies (2ms)
				RefreshPlugins (1ms)
				BeforeProcessingInitializeOnLoad (116ms)
				ProcessInitializeOnLoadAttributes (466ms)
				ProcessInitializeOnLoadMethodAttributes (30ms)
				AfterProcessingInitializeOnLoad (11ms)
				EditorAssembliesLoaded (0ms)
			ExecutionOrderSort2 (0ms)
			AwakeInstancesAfterBackupRestoration (4ms)
Platform modules already initialized, skipping
Refreshing native plugins compatible for Editor in 1.01 ms, found 2 plugins.
Preloading 0 native plugins for Editor in 0.00 ms.
Unloading 1508 Unused Serialized files (Serialized files now loaded: 0)
System memory in use before: 73.6 MB.
System memory in use after: 73.7 MB.

Unloading 11 unused Assets to reduce memory usage. Loaded Objects now: 2003.
Total: 5.148600 ms (FindLiveObjects: 0.241700 ms CreateObjectMapping: 0.087900 ms MarkObjects: 4.778900 ms  DeleteObjects: 0.037600 ms)

AssetImportParameters requested are different than current active one (requested -> active):
  custom:framework-win-MediaFoundation: 216162199b28c13a410421893ffa2e32 -> 
  custom:video-decoder-ogg-theora: a1e56fd34408186e4bbccfd4996cb3dc -> 
  custom:container-muxer-webm: aa71ff27fc2769a1b78a27578f13a17b -> 
  custom:container-demuxer-webm: 4f35f7cbe854078d1ac9338744f61a02 -> 
  custom:container-demuxer-ogg: 62fdf1f143b41e24485cea50d1cbac27 -> 
  custom:video-encoder-webm-vp8: eb34c28f22e8b96e1ab97ce403110664 -> 
  custom:video-decoder-webm-vp8: 9c59270c3fd7afecdb556c50c9e8de78 -> 
  custom:audio-decoder-ogg-vorbis: bf7c407c2cedff20999df2af8eb42d56 -> 
  custom:audio-encoder-webm-vorbis: bf7c407c2cedff20999df2af8eb42d56 -> 
========================================================================
Received Prepare
Registering precompiled user dll's ...
Registered in 0.003567 seconds.
Begin MonoManager ReloadAssembly
Native extension for WindowsStandalone target not found
Refreshing native plugins compatible for Editor in 1.01 ms, found 2 plugins.
Preloading 0 native plugins for Editor in 0.00 ms.
Mono: successfully reloaded assembly
- Completed reload, in  2.247 seconds
Domain Reload Profiling:
	ReloadAssembly (2248ms)
		BeginReloadAssembly (266ms)
			ExecutionOrderSort (0ms)
			DisableScriptedObjects (12ms)
			BackupInstance (0ms)
			ReleaseScriptingObjects (0ms)
			CreateAndSetChildDomain (83ms)
		EndReloadAssembly (1827ms)
			LoadAssemblies (230ms)
			RebuildTransferFunctionScriptingTraits (0ms)
			SetupTypeCache (685ms)
			ReleaseScriptCaches (1ms)
			RebuildScriptCaches (112ms)
			SetupLoadedEditorAssemblies (610ms)
				LogAssemblyErrors (0ms)
				InitializePlatformSupportModulesInManaged (9ms)
				SetLoadedEditorAssemblies (1ms)
				RefreshPlugins (1ms)
				BeforeProcessingInitializeOnLoad (105ms)
				ProcessInitializeOnLoadAttributes (451ms)
				ProcessInitializeOnLoadMethodAttributes (32ms)
				AfterProcessingInitializeOnLoad (9ms)
				EditorAssembliesLoaded (0ms)
			ExecutionOrderSort2 (0ms)
			AwakeInstancesAfterBackupRestoration (5ms)
Platform modules already initialized, skipping
Refreshing native plugins compatible for Editor in 0.89 ms, found 2 plugins.
Preloading 0 native plugins for Editor in 0.00 ms.
Unloading 1508 Unused Serialized files (Serialized files now loaded: 0)
System memory in use before: 73.7 MB.
System memory in use after: 73.8 MB.

Unloading 11 unused Assets to reduce memory usage. Loaded Objects now: 2006.
Total: 5.275500 ms (FindLiveObjects: 0.368600 ms CreateObjectMapping: 0.110100 ms MarkObjects: 4.752400 ms  DeleteObjects: 0.040900 ms)

AssetImportParameters requested are different than current active one (requested -> active):
  custom:framework-win-MediaFoundation: 216162199b28c13a410421893ffa2e32 -> 
  custom:video-decoder-ogg-theora: a1e56fd34408186e4bbccfd4996cb3dc -> 
  custom:container-muxer-webm: aa71ff27fc2769a1b78a27578f13a17b -> 
  custom:container-demuxer-webm: 4f35f7cbe854078d1ac9338744f61a02 -> 
  custom:container-demuxer-ogg: 62fdf1f143b41e24485cea50d1cbac27 -> 
  custom:video-encoder-webm-vp8: eb34c28f22e8b96e1ab97ce403110664 -> 
  custom:video-decoder-webm-vp8: 9c59270c3fd7afecdb556c50c9e8de78 -> 
  custom:audio-decoder-ogg-vorbis: bf7c407c2cedff20999df2af8eb42d56 -> 
  custom:audio-encoder-webm-vorbis: bf7c407c2cedff20999df2af8eb42d56 -> 
========================================================================
Received Prepare
Registering precompiled user dll's ...
Registered in 0.003716 seconds.
Begin MonoManager ReloadAssembly
Native extension for WindowsStandalone target not found
Refreshing native plugins compatible for Editor in 1.22 ms, found 2 plugins.
Preloading 0 native plugins for Editor in 0.00 ms.
Mono: successfully reloaded assembly
- Completed reload, in  2.123 seconds
Domain Reload Profiling:
	ReloadAssembly (2124ms)
		BeginReloadAssembly (189ms)
			ExecutionOrderSort (0ms)
			DisableScriptedObjects (8ms)
			BackupInstance (0ms)
			ReleaseScriptingObjects (0ms)
			CreateAndSetChildDomain (60ms)
		EndReloadAssembly (1826ms)
			LoadAssemblies (180ms)
			RebuildTransferFunctionScriptingTraits (0ms)
			SetupTypeCache (688ms)
			ReleaseScriptCaches (2ms)
			RebuildScriptCaches (69ms)
			SetupLoadedEditorAssemblies (715ms)
				LogAssemblyErrors (0ms)
				InitializePlatformSupportModulesInManaged (13ms)
				SetLoadedEditorAssemblies (1ms)
				RefreshPlugins (2ms)
				BeforeProcessingInitializeOnLoad (130ms)
				ProcessInitializeOnLoadAttributes (538ms)
				ProcessInitializeOnLoadMethodAttributes (24ms)
				AfterProcessingInitializeOnLoad (7ms)
				EditorAssembliesLoaded (0ms)
			ExecutionOrderSort2 (0ms)
			AwakeInstancesAfterBackupRestoration (3ms)
Platform modules already initialized, skipping
Refreshing native plugins compatible for Editor in 1.05 ms, found 2 plugins.
Preloading 0 native plugins for Editor in 0.00 ms.
Unloading 1508 Unused Serialized files (Serialized files now loaded: 0)
System memory in use before: 73.7 MB.
System memory in use after: 73.8 MB.

Unloading 11 unused Assets to reduce memory usage. Loaded Objects now: 2009.
Total: 6.269300 ms (FindLiveObjects: 0.777500 ms CreateObjectMapping: 0.253200 ms MarkObjects: 5.198400 ms  DeleteObjects: 0.037400 ms)

AssetImportParameters requested are different than current active one (requested -> active):
  custom:framework-win-MediaFoundation: 216162199b28c13a410421893ffa2e32 -> 
  custom:video-decoder-ogg-theora: a1e56fd34408186e4bbccfd4996cb3dc -> 
  custom:container-muxer-webm: aa71ff27fc2769a1b78a27578f13a17b -> 
  custom:container-demuxer-webm: 4f35f7cbe854078d1ac9338744f61a02 -> 
  custom:container-demuxer-ogg: 62fdf1f143b41e24485cea50d1cbac27 -> 
  custom:video-encoder-webm-vp8: eb34c28f22e8b96e1ab97ce403110664 -> 
  custom:video-decoder-webm-vp8: 9c59270c3fd7afecdb556c50c9e8de78 -> 
  custom:audio-decoder-ogg-vorbis: bf7c407c2cedff20999df2af8eb42d56 -> 
  custom:audio-encoder-webm-vorbis: bf7c407c2cedff20999df2af8eb42d56 -> 
========================================================================
Received Import Request.
  Time since last request: 1131.318594 seconds.
  path: Assets
  artifactKey: Guid(00000000000000001000000000000000) Importer(815301076,1909f56bfc062723c751e8b465ee728b)
Start importing Assets using Guid(00000000000000001000000000000000) Importer(815301076,1909f56bfc062723c751e8b465ee728b)  -> (artifact id: '42d402b061de3733987d63b9cc3b64de') in 0.006111 seconds 
========================================================================
Received Prepare
Registering precompiled user dll's ...
Registered in 0.002500 seconds.
Begin MonoManager ReloadAssembly
Native extension for WindowsStandalone target not found
Refreshing native plugins compatible for Editor in 1.05 ms, found 2 plugins.
Preloading 0 native plugins for Editor in 0.00 ms.
Mono: successfully reloaded assembly
- Completed reload, in  1.039 seconds
Domain Reload Profiling:
	ReloadAssembly (1040ms)
		BeginReloadAssembly (123ms)
			ExecutionOrderSort (0ms)
			DisableScriptedObjects (6ms)
			BackupInstance (0ms)
			ReleaseScriptingObjects (0ms)
			CreateAndSetChildDomain (35ms)
		EndReloadAssembly (848ms)
			LoadAssemblies (103ms)
			RebuildTransferFunctionScriptingTraits (0ms)
			SetupTypeCache (303ms)
			ReleaseScriptCaches (1ms)
			RebuildScriptCaches (43ms)
			SetupLoadedEditorAssemblies (306ms)
				LogAssemblyErrors (0ms)
				InitializePlatformSupportModulesInManaged (7ms)
				SetLoadedEditorAssemblies (1ms)
				RefreshPlugins (1ms)
				BeforeProcessingInitializeOnLoad (55ms)
				ProcessInitializeOnLoadAttributes (222ms)
				ProcessInitializeOnLoadMethodAttributes (15ms)
				AfterProcessingInitializeOnLoad (5ms)
				EditorAssembliesLoaded (0ms)
			ExecutionOrderSort2 (0ms)
			AwakeInstancesAfterBackupRestoration (2ms)
Platform modules already initialized, skipping
Refreshing native plugins compatible for Editor in 0.36 ms, found 2 plugins.
Preloading 0 native plugins for Editor in 0.00 ms.
Unloading 1508 Unused Serialized files (Serialized files now loaded: 0)
System memory in use before: 73.7 MB.
System memory in use after: 73.8 MB.

Unloading 11 unused Assets to reduce memory usage. Loaded Objects now: 2012.
Total: 3.207300 ms (FindLiveObjects: 0.164100 ms CreateObjectMapping: 0.052600 ms MarkObjects: 2.964300 ms  DeleteObjects: 0.024700 ms)

AssetImportParameters requested are different than current active one (requested -> active):
  custom:framework-win-MediaFoundation: 216162199b28c13a410421893ffa2e32 -> 
  custom:video-decoder-ogg-theora: a1e56fd34408186e4bbccfd4996cb3dc -> 
  custom:container-muxer-webm: aa71ff27fc2769a1b78a27578f13a17b -> 
  custom:container-demuxer-webm: 4f35f7cbe854078d1ac9338744f61a02 -> 
  custom:container-demuxer-ogg: 62fdf1f143b41e24485cea50d1cbac27 -> 
  custom:video-encoder-webm-vp8: eb34c28f22e8b96e1ab97ce403110664 -> 
  custom:video-decoder-webm-vp8: 9c59270c3fd7afecdb556c50c9e8de78 -> 
  custom:audio-decoder-ogg-vorbis: bf7c407c2cedff20999df2af8eb42d56 -> 
  custom:audio-encoder-webm-vorbis: bf7c407c2cedff20999df2af8eb42d56 -> 
========================================================================
Received Prepare
Registering precompiled user dll's ...
Registered in 0.003723 seconds.
Begin MonoManager ReloadAssembly
Native extension for WindowsStandalone target not found
Refreshing native plugins compatible for Editor in 0.41 ms, found 2 plugins.
Preloading 0 native plugins for Editor in 0.00 ms.
Mono: successfully reloaded assembly
- Completed reload, in  1.221 seconds
Domain Reload Profiling:
	ReloadAssembly (1222ms)
		BeginReloadAssembly (145ms)
			ExecutionOrderSort (0ms)
			DisableScriptedObjects (6ms)
			BackupInstance (0ms)
			ReleaseScriptingObjects (0ms)
			CreateAndSetChildDomain (43ms)
		EndReloadAssembly (989ms)
			LoadAssemblies (129ms)
			RebuildTransferFunctionScriptingTraits (0ms)
			SetupTypeCache (351ms)
			ReleaseScriptCaches (1ms)
			RebuildScriptCaches (49ms)
			SetupLoadedEditorAssemblies (364ms)
				LogAssemblyErrors (0ms)
				InitializePlatformSupportModulesInManaged (8ms)
				SetLoadedEditorAssemblies (1ms)
				RefreshPlugins (0ms)
				BeforeProcessingInitializeOnLoad (61ms)
				ProcessInitializeOnLoadAttributes (272ms)
				ProcessInitializeOnLoadMethodAttributes (16ms)
				AfterProcessingInitializeOnLoad (5ms)
				EditorAssembliesLoaded (0ms)
			ExecutionOrderSort2 (0ms)
			AwakeInstancesAfterBackupRestoration (2ms)
Platform modules already initialized, skipping
Refreshing native plugins compatible for Editor in 0.45 ms, found 2 plugins.
Preloading 0 native plugins for Editor in 0.00 ms.
Unloading 1508 Unused Serialized files (Serialized files now loaded: 0)
System memory in use before: 73.7 MB.
System memory in use after: 73.8 MB.

Unloading 11 unused Assets to reduce memory usage. Loaded Objects now: 2015.
Total: 3.291600 ms (FindLiveObjects: 0.170500 ms CreateObjectMapping: 0.065300 ms MarkObjects: 3.029100 ms  DeleteObjects: 0.024900 ms)

AssetImportParameters requested are different than current active one (requested -> active):
  custom:framework-win-MediaFoundation: 216162199b28c13a410421893ffa2e32 -> 
  custom:video-decoder-ogg-theora: a1e56fd34408186e4bbccfd4996cb3dc -> 
  custom:container-muxer-webm: aa71ff27fc2769a1b78a27578f13a17b -> 
  custom:container-demuxer-webm: 4f35f7cbe854078d1ac9338744f61a02 -> 
  custom:container-demuxer-ogg: 62fdf1f143b41e24485cea50d1cbac27 -> 
  custom:video-encoder-webm-vp8: eb34c28f22e8b96e1ab97ce403110664 -> 
  custom:video-decoder-webm-vp8: 9c59270c3fd7afecdb556c50c9e8de78 -> 
  custom:audio-decoder-ogg-vorbis: bf7c407c2cedff20999df2af8eb42d56 -> 
  custom:audio-encoder-webm-vorbis: bf7c407c2cedff20999df2af8eb42d56 -> 
========================================================================
Received Import Request.
  Time since last request: 1855.852918 seconds.
  path: Assets/fabric-1639314__480.jpg
  artifactKey: Guid(0fa9f53b29c7ac64ea6e01ef08dd2546) Importer(815301076,1909f56bfc062723c751e8b465ee728b)
Start importing Assets/fabric-1639314__480.jpg using Guid(0fa9f53b29c7ac64ea6e01ef08dd2546) Importer(815301076,1909f56bfc062723c751e8b465ee728b)  -> (artifact id: 'a456c540cbed3b3e5638891df893a264') in 0.066398 seconds 
========================================================================
Received Import Request.
  Time since last request: 102.819483 seconds.
  path: Assets/New Material.mat
  artifactKey: Guid(3b45b2f41abde4a4bafcca3c0d40d30a) Importer(815301076,1909f56bfc062723c751e8b465ee728b)
Start importing Assets/New Material.mat using Guid(3b45b2f41abde4a4bafcca3c0d40d30a) Importer(815301076,1909f56bfc062723c751e8b465ee728b)  -> (artifact id: 'b9793b293c518657e5a353d03e0c5351') in 0.056195 seconds 
========================================================================
Received Import Request.
  Time since last request: 25.924550 seconds.
  path: Assets/New Material.mat
  artifactKey: Guid(3b45b2f41abde4a4bafcca3c0d40d30a) Importer(815301076,1909f56bfc062723c751e8b465ee728b)
Start importing Assets/New Material.mat using Guid(3b45b2f41abde4a4bafcca3c0d40d30a) Importer(815301076,1909f56bfc062723c751e8b465ee728b)  -> (artifact id: '9b145c4ad6c137f8ee80b08274f70a4a') in 0.017465 seconds 
========================================================================
Received Prepare
Registering precompiled user dll's ...
Registered in 0.021240 seconds.
Begin MonoManager ReloadAssembly
Native extension for WindowsStandalone target not found
Refreshing native plugins compatible for Editor in 4.25 ms, found 2 plugins.
Preloading 0 native plugins for Editor in 0.00 ms.
Mono: successfully reloaded assembly
- Completed reload, in  3.939 seconds
Domain Reload Profiling:
	ReloadAssembly (3945ms)
		BeginReloadAssembly (437ms)
			ExecutionOrderSort (0ms)
			DisableScriptedObjects (24ms)
			BackupInstance (0ms)
			ReleaseScriptingObjects (0ms)
			CreateAndSetChildDomain (109ms)
		EndReloadAssembly (3238ms)
			LoadAssemblies (491ms)
			RebuildTransferFunctionScriptingTraits (0ms)
			SetupTypeCache (1497ms)
			ReleaseScriptCaches (3ms)
			RebuildScriptCaches (194ms)
			SetupLoadedEditorAssemblies (781ms)
				LogAssemblyErrors (0ms)
				InitializePlatformSupportModulesInManaged (39ms)
				SetLoadedEditorAssemblies (6ms)
				RefreshPlugins (5ms)
				BeforeProcessingInitializeOnLoad (191ms)
				ProcessInitializeOnLoadAttributes (496ms)
				ProcessInitializeOnLoadMethodAttributes (35ms)
				AfterProcessingInitializeOnLoad (8ms)
				EditorAssembliesLoaded (1ms)
			ExecutionOrderSort2 (0ms)
			AwakeInstancesAfterBackupRestoration (4ms)
Platform modules already initialized, skipping
Refreshing native plugins compatible for Editor in 0.59 ms, found 2 plugins.
Preloading 0 native plugins for Editor in 0.00 ms.
Unloading 1508 Unused Serialized files (Serialized files now loaded: 0)
System memory in use before: 73.7 MB.
System memory in use after: 73.8 MB.

Unloading 11 unused Assets to reduce memory usage. Loaded Objects now: 2019.
Total: 5.177800 ms (FindLiveObjects: 0.173800 ms CreateObjectMapping: 0.081300 ms MarkObjects: 4.879900 ms  DeleteObjects: 0.033300 ms)

AssetImportParameters requested are different than current active one (requested -> active):
  custom:framework-win-MediaFoundation: 216162199b28c13a410421893ffa2e32 -> 
  custom:video-decoder-ogg-theora: a1e56fd34408186e4bbccfd4996cb3dc -> 
  custom:container-muxer-webm: aa71ff27fc2769a1b78a27578f13a17b -> 
  custom:container-demuxer-webm: 4f35f7cbe854078d1ac9338744f61a02 -> 
  custom:container-demuxer-ogg: 62fdf1f143b41e24485cea50d1cbac27 -> 
  custom:video-encoder-webm-vp8: eb34c28f22e8b96e1ab97ce403110664 -> 
  custom:video-decoder-webm-vp8: 9c59270c3fd7afecdb556c50c9e8de78 -> 
  custom:audio-decoder-ogg-vorbis: bf7c407c2cedff20999df2af8eb42d56 -> 
  custom:audio-encoder-webm-vorbis: bf7c407c2cedff20999df2af8eb42d56 -> 
========================================================================
Received Import Request.
  Time since last request: 2816.012442 seconds.
  path: Assets/grid-569022__340 .JPEG
  artifactKey: Guid(22eb1dbdbdef1d74d83580a5e6ea191e) Importer(815301076,1909f56bfc062723c751e8b465ee728b)
Start importing Assets/grid-569022__340 .JPEG using Guid(22eb1dbdbdef1d74d83580a5e6ea191e) Importer(815301076,1909f56bfc062723c751e8b465ee728b)  -> (artifact id: '1d884821df89c55b84085a4e44825ccf') in 0.112919 seconds 
========================================================================
Received Prepare
Registering precompiled user dll's ...
Registered in 0.004865 seconds.
Begin MonoManager ReloadAssembly
Native extension for WindowsStandalone target not found
Refreshing native plugins compatible for Editor in 1.07 ms, found 2 plugins.
Preloading 0 native plugins for Editor in 0.00 ms.
Mono: successfully reloaded assembly
- Completed reload, in  2.499 seconds
Domain Reload Profiling:
	ReloadAssembly (2500ms)
		BeginReloadAssembly (246ms)
			ExecutionOrderSort (0ms)
			DisableScriptedObjects (11ms)
			BackupInstance (0ms)
			ReleaseScriptingObjects (0ms)
			CreateAndSetChildDomain (68ms)
		EndReloadAssembly (2084ms)
			LoadAssemblies (229ms)
			RebuildTransferFunctionScriptingTraits (0ms)
			SetupTypeCache (679ms)
			ReleaseScriptCaches (2ms)
			RebuildScriptCaches (95ms)
			SetupLoadedEditorAssemblies (820ms)
				LogAssemblyErrors (0ms)
				InitializePlatformSupportModulesInManaged (25ms)
				SetLoadedEditorAssemblies (4ms)
				RefreshPlugins (1ms)
				BeforeProcessingInitializeOnLoad (111ms)
				ProcessInitializeOnLoadAttributes (628ms)
				ProcessInitializeOnLoadMethodAttributes (37ms)
				AfterProcessingInitializeOnLoad (13ms)
				EditorAssembliesLoaded (1ms)
			ExecutionOrderSort2 (0ms)
			AwakeInstancesAfterBackupRestoration (5ms)
Platform modules already initialized, skipping
Refreshing native plugins compatible for Editor in 0.97 ms, found 2 plugins.
Preloading 0 native plugins for Editor in 0.00 ms.
Unloading 1508 Unused Serialized files (Serialized files now loaded: 0)
System memory in use before: 73.7 MB.
System memory in use after: 73.8 MB.

Unloading 11 unused Assets to reduce memory usage. Loaded Objects now: 2022.
Total: 6.503800 ms (FindLiveObjects: 0.321200 ms CreateObjectMapping: 0.109200 ms MarkObjects: 6.025000 ms  DeleteObjects: 0.046500 ms)

AssetImportParameters requested are different than current active one (requested -> active):
  custom:framework-win-MediaFoundation: 216162199b28c13a410421893ffa2e32 -> 
  custom:video-decoder-ogg-theora: a1e56fd34408186e4bbccfd4996cb3dc -> 
  custom:container-muxer-webm: aa71ff27fc2769a1b78a27578f13a17b -> 
  custom:container-demuxer-webm: 4f35f7cbe854078d1ac9338744f61a02 -> 
  custom:container-demuxer-ogg: 62fdf1f143b41e24485cea50d1cbac27 -> 
  custom:video-encoder-webm-vp8: eb34c28f22e8b96e1ab97ce403110664 -> 
  custom:video-decoder-webm-vp8: 9c59270c3fd7afecdb556c50c9e8de78 -> 
  custom:audio-decoder-ogg-vorbis: bf7c407c2cedff20999df2af8eb42d56 -> 
  custom:audio-encoder-webm-vorbis: bf7c407c2cedff20999df2af8eb42d56 -> 
========================================================================
Received Import Request.
  Time since last request: 106.474877 seconds.
  path: Assets/New Material.mat
  artifactKey: Guid(3b45b2f41abde4a4bafcca3c0d40d30a) Importer(815301076,1909f56bfc062723c751e8b465ee728b)
Start importing Assets/New Material.mat using Guid(3b45b2f41abde4a4bafcca3c0d40d30a) Importer(815301076,1909f56bfc062723c751e8b465ee728b)  -> (artifact id: '07268cdcbcdd3ee33c5ac4e16eccd0c9') in 0.104401 seconds 
========================================================================
Received Prepare
Registering precompiled user dll's ...
Registered in 0.003805 seconds.
Begin MonoManager ReloadAssembly
Native extension for WindowsStandalone target not found
Refreshing native plugins compatible for Editor in 1.68 ms, found 2 plugins.
Preloading 0 native plugins for Editor in 0.00 ms.
Mono: successfully reloaded assembly
- Completed reload, in  4.125 seconds
Domain Reload Profiling:
	ReloadAssembly (4126ms)
		BeginReloadAssembly (322ms)
			ExecutionOrderSort (0ms)
			DisableScriptedObjects (12ms)
			BackupInstance (0ms)
			ReleaseScriptingObjects (0ms)
			CreateAndSetChildDomain (88ms)
		EndReloadAssembly (3616ms)
			LoadAssemblies (236ms)
			RebuildTransferFunctionScriptingTraits (0ms)
			SetupTypeCache (1130ms)
			ReleaseScriptCaches (3ms)
			RebuildScriptCaches (281ms)
			SetupLoadedEditorAssemblies (1401ms)
				LogAssemblyErrors (0ms)
				InitializePlatformSupportModulesInManaged (32ms)
				SetLoadedEditorAssemblies (2ms)
				RefreshPlugins (2ms)
				BeforeProcessingInitializeOnLoad (260ms)
				ProcessInitializeOnLoadAttributes (957ms)
				ProcessInitializeOnLoadMethodAttributes (111ms)
				AfterProcessingInitializeOnLoad (35ms)
				EditorAssembliesLoaded (1ms)
			ExecutionOrderSort2 (0ms)
			AwakeInstancesAfterBackupRestoration (9ms)
Platform modules already initialized, skipping
Refreshing native plugins compatible for Editor in 1.02 ms, found 2 plugins.
Preloading 0 native plugins for Editor in 0.00 ms.
Unloading 1508 Unused Serialized files (Serialized files now loaded: 0)
System memory in use before: 73.7 MB.
System memory in use after: 73.8 MB.

Unloading 11 unused Assets to reduce memory usage. Loaded Objects now: 2026.
Total: 14.423100 ms (FindLiveObjects: 0.562100 ms CreateObjectMapping: 0.127600 ms MarkObjects: 13.648700 ms  DeleteObjects: 0.080400 ms)

AssetImportParameters requested are different than current active one (requested -> active):
  custom:framework-win-MediaFoundation: 216162199b28c13a410421893ffa2e32 -> 
  custom:video-decoder-ogg-theora: a1e56fd34408186e4bbccfd4996cb3dc -> 
  custom:container-muxer-webm: aa71ff27fc2769a1b78a27578f13a17b -> 
  custom:container-demuxer-webm: 4f35f7cbe854078d1ac9338744f61a02 -> 
  custom:container-demuxer-ogg: 62fdf1f143b41e24485cea50d1cbac27 -> 
  custom:video-encoder-webm-vp8: eb34c28f22e8b96e1ab97ce403110664 -> 
  custom:video-decoder-webm-vp8: 9c59270c3fd7afecdb556c50c9e8de78 -> 
  custom:audio-decoder-ogg-vorbis: bf7c407c2cedff20999df2af8eb42d56 -> 
  custom:audio-encoder-webm-vorbis: bf7c407c2cedff20999df2af8eb42d56 -> 
========================================================================
Received Import Request.
  Time since last request: 97.479179 seconds.
  path: Assets/forest-1072828_960_720.jpg
  artifactKey: Guid(3f9c42c8dfd2cbe439f5f6277e812961) Importer(815301076,1909f56bfc062723c751e8b465ee728b)
Start importing Assets/forest-1072828_960_720.jpg using Guid(3f9c42c8dfd2cbe439f5f6277e812961) Importer(815301076,1909f56bfc062723c751e8b465ee728b)  -> (artifact id: '4824e518a222353c8d76a964c63c9abe') in 0.136444 seconds 
========================================================================
Received Prepare
Registering precompiled user dll's ...
Registered in 0.003394 seconds.
Begin MonoManager ReloadAssembly
Native extension for WindowsStandalone target not found
Refreshing native plugins compatible for Editor in 0.40 ms, found 2 plugins.
Preloading 0 native plugins for Editor in 0.00 ms.
Mono: successfully reloaded assembly
- Completed reload, in  1.248 seconds
Domain Reload Profiling:
	ReloadAssembly (1248ms)
		BeginReloadAssembly (142ms)
			ExecutionOrderSort (0ms)
			DisableScriptedObjects (6ms)
			BackupInstance (0ms)
			ReleaseScriptingObjects (0ms)
			CreateAndSetChildDomain (40ms)
		EndReloadAssembly (1029ms)
			LoadAssemblies (126ms)
			RebuildTransferFunctionScriptingTraits (0ms)
			SetupTypeCache (344ms)
			ReleaseScriptCaches (1ms)
			RebuildScriptCaches (53ms)
			SetupLoadedEditorAssemblies (397ms)
				LogAssemblyErrors (0ms)
				InitializePlatformSupportModulesInManaged (5ms)
				SetLoadedEditorAssemblies (1ms)
				RefreshPlugins (0ms)
				BeforeProcessingInitializeOnLoad (68ms)
				ProcessInitializeOnLoadAttributes (292ms)
				ProcessInitializeOnLoadMethodAttributes (26ms)
				AfterProcessingInitializeOnLoad (6ms)
				EditorAssembliesLoaded (0ms)
			ExecutionOrderSort2 (0ms)
			AwakeInstancesAfterBackupRestoration (3ms)
Platform modules already initialized, skipping
Refreshing native plugins compatible for Editor in 0.42 ms, found 2 plugins.
Preloading 0 native plugins for Editor in 0.00 ms.
Unloading 1508 Unused Serialized files (Serialized files now loaded: 0)
System memory in use before: 73.7 MB.
System memory in use after: 73.8 MB.

Unloading 11 unused Assets to reduce memory usage. Loaded Objects now: 2029.
Total: 3.554600 ms (FindLiveObjects: 0.171600 ms CreateObjectMapping: 0.100200 ms MarkObjects: 3.253000 ms  DeleteObjects: 0.028400 ms)

AssetImportParameters requested are different than current active one (requested -> active):
  custom:framework-win-MediaFoundation: 216162199b28c13a410421893ffa2e32 -> 
  custom:video-decoder-ogg-theora: a1e56fd34408186e4bbccfd4996cb3dc -> 
  custom:container-muxer-webm: aa71ff27fc2769a1b78a27578f13a17b -> 
  custom:container-demuxer-webm: 4f35f7cbe854078d1ac9338744f61a02 -> 
  custom:container-demuxer-ogg: 62fdf1f143b41e24485cea50d1cbac27 -> 
  custom:video-encoder-webm-vp8: eb34c28f22e8b96e1ab97ce403110664 -> 
  custom:video-decoder-webm-vp8: 9c59270c3fd7afecdb556c50c9e8de78 -> 
  custom:audio-decoder-ogg-vorbis: bf7c407c2cedff20999df2af8eb42d56 -> 
  custom:audio-encoder-webm-vorbis: bf7c407c2cedff20999df2af8eb42d56 -> 
========================================================================
Received Prepare
Registering precompiled user dll's ...
Registered in 0.003106 seconds.
Begin MonoManager ReloadAssembly
Native extension for WindowsStandalone target not found
Refreshing native plugins compatible for Editor in 0.49 ms, found 2 plugins.
Preloading 0 native plugins for Editor in 0.00 ms.
Mono: successfully reloaded assembly
- Completed reload, in  1.128 seconds
Domain Reload Profiling:
	ReloadAssembly (1129ms)
		BeginReloadAssembly (163ms)
			ExecutionOrderSort (0ms)
			DisableScriptedObjects (11ms)
			BackupInstance (0ms)
			ReleaseScriptingObjects (0ms)
			CreateAndSetChildDomain (51ms)
		EndReloadAssembly (893ms)
			LoadAssemblies (115ms)
			RebuildTransferFunctionScriptingTraits (0ms)
			SetupTypeCache (311ms)
			ReleaseScriptCaches (1ms)
			RebuildScriptCaches (50ms)
			SetupLoadedEditorAssemblies (328ms)
				LogAssemblyErrors (0ms)
				InitializePlatformSupportModulesInManaged (5ms)
				SetLoadedEditorAssemblies (1ms)
				RefreshPlugins (1ms)
				BeforeProcessingInitializeOnLoad (57ms)
				ProcessInitializeOnLoadAttributes (238ms)
				ProcessInitializeOnLoadMethodAttributes (20ms)
				AfterProcessingInitializeOnLoad (6ms)
				EditorAssembliesLoaded (0ms)
			ExecutionOrderSort2 (0ms)
			AwakeInstancesAfterBackupRestoration (3ms)
Platform modules already initialized, skipping
Refreshing native plugins compatible for Editor in 0.44 ms, found 2 plugins.
Preloading 0 native plugins for Editor in 0.00 ms.
Unloading 1508 Unused Serialized files (Serialized files now loaded: 0)
System memory in use before: 73.7 MB.
System memory in use after: 73.9 MB.

Unloading 11 unused Assets to reduce memory usage. Loaded Objects now: 2032.
Total: 3.473400 ms (FindLiveObjects: 0.161500 ms CreateObjectMapping: 0.061500 ms MarkObjects: 3.223600 ms  DeleteObjects: 0.025600 ms)

AssetImportParameters requested are different than current active one (requested -> active):
  custom:framework-win-MediaFoundation: 216162199b28c13a410421893ffa2e32 -> 
  custom:video-decoder-ogg-theora: a1e56fd34408186e4bbccfd4996cb3dc -> 
  custom:container-muxer-webm: aa71ff27fc2769a1b78a27578f13a17b -> 
  custom:container-demuxer-webm: 4f35f7cbe854078d1ac9338744f61a02 -> 
  custom:container-demuxer-ogg: 62fdf1f143b41e24485cea50d1cbac27 -> 
  custom:video-encoder-webm-vp8: eb34c28f22e8b96e1ab97ce403110664 -> 
  custom:video-decoder-webm-vp8: 9c59270c3fd7afecdb556c50c9e8de78 -> 
  custom:audio-decoder-ogg-vorbis: bf7c407c2cedff20999df2af8eb42d56 -> 
  custom:audio-encoder-webm-vorbis: bf7c407c2cedff20999df2af8eb42d56 -> 
========================================================================
Received Prepare
Registering precompiled user dll's ...
Registered in 0.006554 seconds.
Begin MonoManager ReloadAssembly
Native extension for WindowsStandalone target not found
Refreshing native plugins compatible for Editor in 0.40 ms, found 2 plugins.
Preloading 0 native plugins for Editor in 0.00 ms.
Mono: successfully reloaded assembly
- Completed reload, in  1.500 seconds
Domain Reload Profiling:
	ReloadAssembly (1500ms)
		BeginReloadAssembly (204ms)
			ExecutionOrderSort (0ms)
			DisableScriptedObjects (11ms)
			BackupInstance (0ms)
			ReleaseScriptingObjects (0ms)
			CreateAndSetChildDomain (64ms)
		EndReloadAssembly (1191ms)
			LoadAssemblies (171ms)
			RebuildTransferFunctionScriptingTraits (0ms)
			SetupTypeCache (543ms)
			ReleaseScriptCaches (1ms)
			RebuildScriptCaches (58ms)
			SetupLoadedEditorAssemblies (319ms)
				LogAssemblyErrors (0ms)
				InitializePlatformSupportModulesInManaged (5ms)
				SetLoadedEditorAssemblies (1ms)
				RefreshPlugins (0ms)
				BeforeProcessingInitializeOnLoad (60ms)
				ProcessInitializeOnLoadAttributes (230ms)
				ProcessInitializeOnLoadMethodAttributes (17ms)
				AfterProcessingInitializeOnLoad (5ms)
				EditorAssembliesLoaded (0ms)
			ExecutionOrderSort2 (0ms)
			AwakeInstancesAfterBackupRestoration (2ms)
Platform modules already initialized, skipping
Refreshing native plugins compatible for Editor in 0.48 ms, found 2 plugins.
Preloading 0 native plugins for Editor in 0.00 ms.
Unloading 1508 Unused Serialized files (Serialized files now loaded: 0)
System memory in use before: 73.7 MB.
System memory in use after: 73.9 MB.

Unloading 11 unused Assets to reduce memory usage. Loaded Objects now: 2035.
Total: 3.003600 ms (FindLiveObjects: 0.151300 ms CreateObjectMapping: 0.057800 ms MarkObjects: 2.768700 ms  DeleteObjects: 0.024200 ms)

AssetImportParameters requested are different than current active one (requested -> active):
  custom:framework-win-MediaFoundation: 216162199b28c13a410421893ffa2e32 -> 
  custom:video-decoder-ogg-theora: a1e56fd34408186e4bbccfd4996cb3dc -> 
  custom:container-muxer-webm: aa71ff27fc2769a1b78a27578f13a17b -> 
  custom:container-demuxer-webm: 4f35f7cbe854078d1ac9338744f61a02 -> 
  custom:container-demuxer-ogg: 62fdf1f143b41e24485cea50d1cbac27 -> 
  custom:video-encoder-webm-vp8: eb34c28f22e8b96e1ab97ce403110664 -> 
  custom:video-decoder-webm-vp8: 9c59270c3fd7afecdb556c50c9e8de78 -> 
  custom:audio-decoder-ogg-vorbis: bf7c407c2cedff20999df2af8eb42d56 -> 
  custom:audio-encoder-webm-vorbis: bf7c407c2cedff20999df2af8eb42d56 -> 
========================================================================
Received Import Request.
  Time since last request: 1142.956103 seconds.
  path: Assets/uploads_files_1872992_plants.obj
  artifactKey: Guid(aee81b4290f94ec4ba219a434f4ed875) Importer(815301076,1909f56bfc062723c751e8b465ee728b)
Start importing Assets/uploads_files_1872992_plants.obj using Guid(aee81b4290f94ec4ba219a434f4ed875) Importer(815301076,1909f56bfc062723c751e8b465ee728b)  -> (artifact id: 'a53984065a5f25fa13f6ee25dde43165') in 0.355012 seconds 
========================================================================
Received Import Request.
  Time since last request: 774.469378 seconds.
  path: Assets/flower.obj
  artifactKey: Guid(16525f9a6a78cfb47b94647ab0ab13c6) Importer(815301076,1909f56bfc062723c751e8b465ee728b)
Start importing Assets/flower.obj using Guid(16525f9a6a78cfb47b94647ab0ab13c6) Importer(815301076,1909f56bfc062723c751e8b465ee728b)  -> (artifact id: '7bcd85f1cbd8e3d8209256d3ff734538') in 0.091370 seconds 
========================================================================
Received Import Request.
  Time since last request: 116.795019 seconds.
  path: Assets/1000_F_354944901_SzU5v3KbpDM0752i9d7C3gSMjFexisw1.jpg
  artifactKey: Guid(ba7ff51e74d37924abf0f77ddaf6f570) Importer(815301076,1909f56bfc062723c751e8b465ee728b)
Start importing Assets/1000_F_354944901_SzU5v3KbpDM0752i9d7C3gSMjFexisw1.jpg using Guid(ba7ff51e74d37924abf0f77ddaf6f570) Importer(815301076,1909f56bfc062723c751e8b465ee728b)  -> (artifact id: '6bdbfbf870f1c3bdc5f54d43def3610f') in 0.026251 seconds 
========================================================================
Received Import Request.
  Time since last request: 10.921354 seconds.
  path: Assets/New Material 1.mat
  artifactKey: Guid(8d1dba205fbe9f942975f938794b2f37) Importer(815301076,1909f56bfc062723c751e8b465ee728b)
Start importing Assets/New Material 1.mat using Guid(8d1dba205fbe9f942975f938794b2f37) Importer(815301076,1909f56bfc062723c751e8b465ee728b)  -> (artifact id: '65d3a3af5e4f1bd540ce829ce76b35a9') in 0.015483 seconds 
========================================================================
Received Import Request.
  Time since last request: 530.551485 seconds.
  path: Assets/uploads_files_62426_3.obj
  artifactKey: Guid(25a547948020af546a540d3860326314) Importer(815301076,1909f56bfc062723c751e8b465ee728b)
Start importing Assets/uploads_files_62426_3.obj using Guid(25a547948020af546a540d3860326314) Importer(815301076,1909f56bfc062723c751e8b465ee728b)  -> (artifact id: '7ffc13db616023574f0c552720307ed6') in 0.056008 seconds 
========================================================================
Received Import Request.
  Time since last request: 161.335748 seconds.
  path: Assets/leaf.obj
  artifactKey: Guid(842fd8653bd9da24ba2787b1f4cae339) Importer(815301076,1909f56bfc062723c751e8b465ee728b)
Start importing Assets/leaf.obj using Guid(842fd8653bd9da24ba2787b1f4cae339) Importer(815301076,1909f56bfc062723c751e8b465ee728b)  -> (artifact id: '5be2ed5e2254ffaa85e4c368e6d78c14') in 0.044965 seconds 
========================================================================
Received Import Request.
  Time since last request: 118.413724 seconds.
  path: Assets/green.mat
  artifactKey: Guid(447ff13842f02ca46b715af568a89388) Importer(815301076,1909f56bfc062723c751e8b465ee728b)
Start importing Assets/green.mat using Guid(447ff13842f02ca46b715af568a89388) Importer(815301076,1909f56bfc062723c751e8b465ee728b)  -> (artifact id: 'fff2b2967c9fec0b0689e38b3c0b0f08') in 0.019544 seconds 
========================================================================
Received Import Request.
  Time since last request: 31.425440 seconds.
  path: Assets/78347868-leaf-texture-leaf-background-for-design-leaf-motifs-that-occurs-natural-.jpeg
  artifactKey: Guid(56ede3f6cfaa2e841b8854c8134a6c28) Importer(815301076,1909f56bfc062723c751e8b465ee728b)
Start importing Assets/78347868-leaf-texture-leaf-background-for-design-leaf-motifs-that-occurs-natural-.jpeg using Guid(56ede3f6cfaa2e841b8854c8134a6c28) Importer(815301076,1909f56bfc062723c751e8b465ee728b)  -> (artifact id: 'dd7d2cd99a7031656822c99b8e87a672') in 0.013501 seconds 
========================================================================
Received Import Request.
  Time since last request: 38.211812 seconds.
  path: Assets/Models
  artifactKey: Guid(81840df14fb37894a9b0c1d548948858) Importer(815301076,1909f56bfc062723c751e8b465ee728b)
Start importing Assets/Models using Guid(81840df14fb37894a9b0c1d548948858) Importer(815301076,1909f56bfc062723c751e8b465ee728b)  -> (artifact id: '61abd550e5be266a5ad1439a94455c15') in 0.003596 seconds 
========================================================================
Received Import Request.
  Time since last request: 2.738072 seconds.
  path: Assets/Room
  artifactKey: Guid(e85ef3b368c40e94dba3b03edc7e86c9) Importer(815301076,1909f56bfc062723c751e8b465ee728b)
Start importing Assets/Room using Guid(e85ef3b368c40e94dba3b03edc7e86c9) Importer(815301076,1909f56bfc062723c751e8b465ee728b)  -> (artifact id: '1ee4a2a7cff0e515c13f5c059d579f09') in 0.002846 seconds 
========================================================================
Received Import Request.
  Time since last request: 3.332674 seconds.
  path: Assets/Room/Floor
  artifactKey: Guid(d9fd67c94949eb54092b0e85216d0125) Importer(815301076,1909f56bfc062723c751e8b465ee728b)
Start importing Assets/Room/Floor using Guid(d9fd67c94949eb54092b0e85216d0125) Importer(815301076,1909f56bfc062723c751e8b465ee728b)  -> (artifact id: '38ad2cc812a9084aa3fb3693809a802b') in 0.002921 seconds 
========================================================================
Received Import Request.
  Time since last request: 15.425141 seconds.
  path: Assets/tree
  artifactKey: Guid(716b07c1a2d34364a8998f79418b6123) Importer(815301076,1909f56bfc062723c751e8b465ee728b)
Start importing Assets/tree using Guid(716b07c1a2d34364a8998f79418b6123) Importer(815301076,1909f56bfc062723c751e8b465ee728b)  -> (artifact id: 'cd1a63dcba44a1d61add0ec79ef2f619') in 0.003082 seconds 
========================================================================
Received Import Request.
  Time since last request: 8.869733 seconds.
  path: Assets/Table
  artifactKey: Guid(1df9669ab2974344ea619e5362a6139d) Importer(815301076,1909f56bfc062723c751e8b465ee728b)
Start importing Assets/Table using Guid(1df9669ab2974344ea619e5362a6139d) Importer(815301076,1909f56bfc062723c751e8b465ee728b)  -> (artifact id: '04a696a4f5bc42efe377fd36583d239e') in 0.004360 seconds 
========================================================================
Received Import Request.
  Time since last request: 0.127190 seconds.
  path: Assets/Table/Table.dae
  artifactKey: Guid(adf2b1b101d74dd4085784d13d3bfe33) Importer(815301076,1909f56bfc062723c751e8b465ee728b)
Start importing Assets/Table/Table.dae using Guid(adf2b1b101d74dd4085784d13d3bfe33) Importer(815301076,1909f56bfc062723c751e8b465ee728b)  -> (artifact id: 'dc5821f68527f3e8b54a1a5faa102606') in 0.136750 seconds 
========================================================================
Received Import Request.
  Time since last request: 18.318969 seconds.
  path: Assets/flower
  artifactKey: Guid(f28a191b6c3a0494c9bde48c3542cc6f) Importer(815301076,1909f56bfc062723c751e8b465ee728b)
Start importing Assets/flower using Guid(f28a191b6c3a0494c9bde48c3542cc6f) Importer(815301076,1909f56bfc062723c751e8b465ee728b)  -> (artifact id: 'decf134a177a020de508af565e24d4ae') in 0.002396 seconds 
========================================================================
Received Import Request.
  Time since last request: 78.795288 seconds.
  path: Assets/flower/istockphoto-589938336-612x612.jpg
  artifactKey: Guid(aa4985b30bb557045b57379e4c2c27fc) Importer(815301076,1909f56bfc062723c751e8b465ee728b)
Start importing Assets/flower/istockphoto-589938336-612x612.jpg using Guid(aa4985b30bb557045b57379e4c2c27fc) Importer(815301076,1909f56bfc062723c751e8b465ee728b)  -> (artifact id: 'd3d345c035fa934e1765217b0a9701fa') in 0.019631 seconds 
========================================================================
Received Import Request.
  Time since last request: 33.646437 seconds.
  path: Assets/flower/vessel.mat
  artifactKey: Guid(4c75beb32345fd84e8ab41ad5e71c8ed) Importer(815301076,1909f56bfc062723c751e8b465ee728b)
Start importing Assets/flower/vessel.mat using Guid(4c75beb32345fd84e8ab41ad5e71c8ed) Importer(815301076,1909f56bfc062723c751e8b465ee728b)  -> (artifact id: 'd50e06773258e63012913b3501bc149a') in 0.013411 seconds 
========================================================================
Received Import Request.
  Time since last request: 526.557131 seconds.
  path: Assets/flower/green.mat
  artifactKey: Guid(447ff13842f02ca46b715af568a89388) Importer(815301076,1909f56bfc062723c751e8b465ee728b)
Start importing Assets/flower/green.mat using Guid(447ff13842f02ca46b715af568a89388) Importer(815301076,1909f56bfc062723c751e8b465ee728b)  -> (artifact id: '20373f1b0b51dbf943aa302f75af7166') in 0.062903 seconds 
========================================================================
Received Import Request.
  Time since last request: 0.000455 seconds.
  path: Assets/flower/vessel.mat
  artifactKey: Guid(4c75beb32345fd84e8ab41ad5e71c8ed) Importer(815301076,1909f56bfc062723c751e8b465ee728b)
Start importing Assets/flower/vessel.mat using Guid(4c75beb32345fd84e8ab41ad5e71c8ed) Importer(815301076,1909f56bfc062723c751e8b465ee728b)  -> (artifact id: 'ee41a3887d73cce4a02feee6eea97494') in 0.064508 seconds 
========================================================================
Received Import Request.
  Time since last request: 0.000374 seconds.
  path: Assets/flower/New Material 1.mat
  artifactKey: Guid(8d1dba205fbe9f942975f938794b2f37) Importer(815301076,1909f56bfc062723c751e8b465ee728b)
Start importing Assets/flower/New Material 1.mat using Guid(8d1dba205fbe9f942975f938794b2f37) Importer(815301076,1909f56bfc062723c751e8b465ee728b)  -> (artifact id: '7d1f1cd634f08bf1441380c27ba1ec8e') in 0.014133 seconds 
========================================================================
Received Prepare
Registering precompiled user dll's ...
Registered in 0.007964 seconds.
Begin MonoManager ReloadAssembly
Native extension for WindowsStandalone target not found
Refreshing native plugins compatible for Editor in 0.47 ms, found 2 plugins.
Preloading 0 native plugins for Editor in 0.00 ms.
Mono: successfully reloaded assembly
- Completed reload, in  1.059 seconds
Domain Reload Profiling:
	ReloadAssembly (1059ms)
		BeginReloadAssembly (144ms)
			ExecutionOrderSort (0ms)
			DisableScriptedObjects (5ms)
			BackupInstance (0ms)
			ReleaseScriptingObjects (0ms)
			CreateAndSetChildDomain (51ms)
		EndReloadAssembly (849ms)
			LoadAssemblies (107ms)
			RebuildTransferFunctionScriptingTraits (0ms)
			SetupTypeCache (301ms)
			ReleaseScriptCaches (1ms)
			RebuildScriptCaches (42ms)
			SetupLoadedEditorAssemblies (299ms)
				LogAssemblyErrors (0ms)
				InitializePlatformSupportModulesInManaged (5ms)
				SetLoadedEditorAssemblies (1ms)
				RefreshPlugins (1ms)
				BeforeProcessingInitializeOnLoad (53ms)
				ProcessInitializeOnLoadAttributes (219ms)
				ProcessInitializeOnLoadMethodAttributes (15ms)
				AfterProcessingInitializeOnLoad (5ms)
				EditorAssembliesLoaded (0ms)
			ExecutionOrderSort2 (0ms)
			AwakeInstancesAfterBackupRestoration (2ms)
Platform modules already initialized, skipping
Refreshing native plugins compatible for Editor in 0.52 ms, found 2 plugins.
Preloading 0 native plugins for Editor in 0.00 ms.
Unloading 1508 Unused Serialized files (Serialized files now loaded: 0)
System memory in use before: 78.4 MB.
System memory in use after: 78.5 MB.

Unloading 11 unused Assets to reduce memory usage. Loaded Objects now: 2042.
Total: 3.193500 ms (FindLiveObjects: 0.153200 ms CreateObjectMapping: 0.053100 ms MarkObjects: 2.962500 ms  DeleteObjects: 0.023400 ms)

AssetImportParameters requested are different than current active one (requested -> active):
  custom:framework-win-MediaFoundation: 216162199b28c13a410421893ffa2e32 -> 
  custom:video-decoder-ogg-theora: a1e56fd34408186e4bbccfd4996cb3dc -> 
  custom:container-muxer-webm: aa71ff27fc2769a1b78a27578f13a17b -> 
  custom:container-demuxer-webm: 4f35f7cbe854078d1ac9338744f61a02 -> 
  custom:container-demuxer-ogg: 62fdf1f143b41e24485cea50d1cbac27 -> 
  custom:video-encoder-webm-vp8: eb34c28f22e8b96e1ab97ce403110664 -> 
  custom:video-decoder-webm-vp8: 9c59270c3fd7afecdb556c50c9e8de78 -> 
  custom:audio-decoder-ogg-vorbis: bf7c407c2cedff20999df2af8eb42d56 -> 
  custom:audio-encoder-webm-vorbis: bf7c407c2cedff20999df2af8eb42d56 -> 
========================================================================
Received Import Request.
  Time since last request: 801.423321 seconds.
  path: Assets/light
  artifactKey: Guid(8ee8e0bc7956da1428d49a5064c8b0a5) Importer(815301076,1909f56bfc062723c751e8b465ee728b)
Start importing Assets/light using Guid(8ee8e0bc7956da1428d49a5064c8b0a5) Importer(815301076,1909f56bfc062723c751e8b465ee728b)  -> (artifact id: 'cbb9243626061b4f94985fc8f648c534') in 0.005643 seconds 
========================================================================
Received Import Request.
  Time since last request: 10.687475 seconds.
  path: Assets/Materials/1_SGfdx8JpSjogyqCXhX7jTQ.mat
  artifactKey: Guid(327f770e56a05924f94093265e4b6c4f) Importer(815301076,1909f56bfc062723c751e8b465ee728b)
Start importing Assets/Materials/1_SGfdx8JpSjogyqCXhX7jTQ.mat using Guid(327f770e56a05924f94093265e4b6c4f) Importer(815301076,1909f56bfc062723c751e8b465ee728b)  -> (artifact id: 'b689ac7cc247f0b6e9fe46670c9c216c') in 0.092297 seconds 
========================================================================
Received Import Request.
  Time since last request: 0.000403 seconds.
  path: Assets/Materials/forest-1072828_960_720.mat
  artifactKey: Guid(dfb1c119a65506d49ba6cec8c9d822ff) Importer(815301076,1909f56bfc062723c751e8b465ee728b)
Start importing Assets/Materials/forest-1072828_960_720.mat using Guid(dfb1c119a65506d49ba6cec8c9d822ff) Importer(815301076,1909f56bfc062723c751e8b465ee728b)  -> (artifact id: 'fc2f2ed4a63209997a6628ef4f2ebec2') in 0.016422 seconds 
========================================================================
Received Import Request.
  Time since last request: 0.000378 seconds.
  path: Assets/Materials/da3.mat
  artifactKey: Guid(1a7e10a729d395747b45689ce3c91a75) Importer(815301076,1909f56bfc062723c751e8b465ee728b)
Start importing Assets/Materials/da3.mat using Guid(1a7e10a729d395747b45689ce3c91a75) Importer(815301076,1909f56bfc062723c751e8b465ee728b)  -> (artifact id: 'cd572aca91e7dd62be3c34aa88080c46') in 0.013964 seconds 
========================================================================
Received Import Request.
  Time since last request: 0.000548 seconds.
  path: Assets/Materials
  artifactKey: Guid(d90b1cc34a0195b49b383aef74043359) Importer(815301076,1909f56bfc062723c751e8b465ee728b)
Start importing Assets/Materials using Guid(d90b1cc34a0195b49b383aef74043359) Importer(815301076,1909f56bfc062723c751e8b465ee728b)  -> (artifact id: 'aa783ba6f2d0eedfd4e94611da40d8b9') in 0.002490 seconds 
========================================================================
Received Import Request.
  Time since last request: 0.000425 seconds.
  path: Assets/Materials/Carpet.mat
  artifactKey: Guid(43a4c44545b6def40912f48f39c10aa9) Importer(815301076,1909f56bfc062723c751e8b465ee728b)
Start importing Assets/Materials/Carpet.mat using Guid(43a4c44545b6def40912f48f39c10aa9) Importer(815301076,1909f56bfc062723c751e8b465ee728b)  -> (artifact id: '93d8bf2296f243c2a56a856dc332372d') in 0.017861 seconds 
========================================================================
Received Import Request.
  Time since last request: 0.000395 seconds.
  path: Assets/Materials/ajeng2.mat
  artifactKey: Guid(fd408b60fd8dea24a87e1d91b5a006cc) Importer(815301076,1909f56bfc062723c751e8b465ee728b)
Start importing Assets/Materials/ajeng2.mat using Guid(fd408b60fd8dea24a87e1d91b5a006cc) Importer(815301076,1909f56bfc062723c751e8b465ee728b)  -> (artifact id: 'adf76b5e405f20626fe61308ff846144') in 0.014253 seconds 
========================================================================
Received Import Request.
  Time since last request: 0.000425 seconds.
  path: Assets/Materials/Blockchain Explained (1).mat
  artifactKey: Guid(fbe7ec8ac4873104db0371f7f6b75330) Importer(815301076,1909f56bfc062723c751e8b465ee728b)
Start importing Assets/Materials/Blockchain Explained (1).mat using Guid(fbe7ec8ac4873104db0371f7f6b75330) Importer(815301076,1909f56bfc062723c751e8b465ee728b)  -> (artifact id: 'e665119d9d32d0299dca927c6b56fd57') in 0.019574 seconds 
========================================================================
Received Import Request.
  Time since last request: 0.000369 seconds.
  path: Assets/Materials/Walls.mat
  artifactKey: Guid(cc902e3e506981045acdfe9f6ae09c43) Importer(815301076,1909f56bfc062723c751e8b465ee728b)
Start importing Assets/Materials/Walls.mat using Guid(cc902e3e506981045acdfe9f6ae09c43) Importer(815301076,1909f56bfc062723c751e8b465ee728b)  -> (artifact id: '6f7ce0523975a350d66a3fef1e5d8d0c') in 0.014253 seconds 
========================================================================
Received Import Request.
  Time since last request: 0.000383 seconds.
  path: Assets/Materials/TITLE.mat
  artifactKey: Guid(d15dfaa4f09bc22468d4e3425dc1fbf5) Importer(815301076,1909f56bfc062723c751e8b465ee728b)
Start importing Assets/Materials/TITLE.mat using Guid(d15dfaa4f09bc22468d4e3425dc1fbf5) Importer(815301076,1909f56bfc062723c751e8b465ee728b)  -> (artifact id: '24ebd1605815e1cea5b4723606bcda09') in 0.016874 seconds 
========================================================================
Received Import Request.
  Time since last request: 0.000402 seconds.
  path: Assets/Materials/02_pm-5c085a0e46e0fb0001da1140.mat
  artifactKey: Guid(5a30ccf400101a445a0d45ac499c3b4f) Importer(815301076,1909f56bfc062723c751e8b465ee728b)
Start importing Assets/Materials/02_pm-5c085a0e46e0fb0001da1140.mat using Guid(5a30ccf400101a445a0d45ac499c3b4f) Importer(815301076,1909f56bfc062723c751e8b465ee728b)  -> (artifact id: 'c45ff553f4cc959a18c5762bcf64cdf5') in 0.023495 seconds 
========================================================================
Received Import Request.
  Time since last request: 69.825297 seconds.
  path: Assets/Materials/bitpanda-academy-beginners-23-what-is-ethereum.avif
  artifactKey: Guid(9bf7a954fb4bb1d4eb4a26dfaed76982) Importer(815301076,1909f56bfc062723c751e8b465ee728b)
Start importing Assets/Materials/bitpanda-academy-beginners-23-what-is-ethereum.avif using Guid(9bf7a954fb4bb1d4eb4a26dfaed76982) Importer(815301076,1909f56bfc062723c751e8b465ee728b)  -> (artifact id: 'a843a9a07baf5c502734942b1781ea4e') in 0.008619 seconds 
========================================================================
Received Import Request.
  Time since last request: 24.068477 seconds.
  path: Assets/bitpanda-academy-beginners-23-what-is-ethereum (1) 1.jpeg
  artifactKey: Guid(5b1c5f3e01de4324a8a506137116ca41) Importer(815301076,1909f56bfc062723c751e8b465ee728b)
Start importing Assets/bitpanda-academy-beginners-23-what-is-ethereum (1) 1.jpeg using Guid(5b1c5f3e01de4324a8a506137116ca41) Importer(815301076,1909f56bfc062723c751e8b465ee728b)  -> (artifact id: 'c2e17483930927905acff7a84295eaf1') in 0.003244 seconds 
========================================================================
Received Import Request.
  Time since last request: 4.614102 seconds.
  path: Assets/bitpanda-academy-beginners-23-what-is-ethereum (1).jpeg
  artifactKey: Guid(11403f0c14a250943b2b0d7a1e5a0140) Importer(815301076,1909f56bfc062723c751e8b465ee728b)
Start importing Assets/bitpanda-academy-beginners-23-what-is-ethereum (1).jpeg using Guid(11403f0c14a250943b2b0d7a1e5a0140) Importer(815301076,1909f56bfc062723c751e8b465ee728b)  -> (artifact id: 'd6ab4f3340f94d9f320cd686a9dd8d1c') in 0.002891 seconds 
========================================================================
Received Import Request.
  Time since last request: 87.145671 seconds.
  path: Assets/hero.png
  artifactKey: Guid(3e489013228c0cd40af2e71f04aa8bdf) Importer(815301076,1909f56bfc062723c751e8b465ee728b)
Start importing Assets/hero.png using Guid(3e489013228c0cd40af2e71f04aa8bdf) Importer(815301076,1909f56bfc062723c751e8b465ee728b)  -> (artifact id: '43097d3f2bff373c15e1ab25d5438468') in 0.020288 seconds 
AssetImportWorkerClient::OnTransportError - code=2 error=End of file
