Using pre-set license
Built from 'master' branch; Version is '2020.3.36f1 (71f96b79b9f0) revision 7469419'; Using compiler version '192528614'; Build Type 'Release'
OS: 'Windows 11  (10.0.22000) 64bit CoreSingleLanguage' Language: 'en' Physical Memory: 8070 MB
BatchMode: 1, IsHumanControllingUs: 0, StartBugReporterOnCrash: 0, Is64bit: 1, IsPro: 0

COMMAND LINE ARGUMENTS:
C:\Program Files\Unity\Hub\Editor\2020.3.36f1\Editor\Unity.exe
-adb2
-batchMode
-noUpm
-name
AssetImportWorker0
-projectPath
C:/Users/Deo Saju/Downloads/3D-Museum-Unity-main/3D-Museum-Unity-main
-logFile
Logs/AssetImportWorker0.log
-srvPort
63853
Successfully changed project path to: C:/Users/Deo Saju/Downloads/3D-Museum-Unity-main/3D-Museum-Unity-main
C:/Users/Deo Saju/Downloads/3D-Museum-Unity-main/3D-Museum-Unity-main
Using Asset Import Pipeline V2.
Refreshing native plugins compatible for Editor in 37.31 ms, found 2 plugins.
Preloading 0 native plugins for Editor in 0.00 ms.
Initialize engine version: 2020.3.36f1 (71f96b79b9f0)
[Subsystems] Discovering subsystems at path C:/Program Files/Unity/Hub/Editor/2020.3.36f1/Editor/Data/Resources/UnitySubsystems
[Subsystems] Discovering subsystems at path C:/Users/Deo Saju/Downloads/3D-Museum-Unity-main/3D-Museum-Unity-main/Assets
GfxDevice: creating device client; threaded=0
Direct3D:
    Version:  Direct3D 11.0 [level 11.0]
    Renderer: NVIDIA GeForce MX130 (ID=0x174d)
    Vendor:   
    VRAM:     2010 MB
    Driver:   31.0.15.1659
Initialize mono
Mono path[0] = 'C:/Program Files/Unity/Hub/Editor/2020.3.36f1/Editor/Data/Managed'
Mono path[1] = 'C:/Program Files/Unity/Hub/Editor/2020.3.36f1/Editor/Data/MonoBleedingEdge/lib/mono/unityjit'
Mono config path = 'C:/Program Files/Unity/Hub/Editor/2020.3.36f1/Editor/Data/MonoBleedingEdge/etc'
Using monoOptions --debugger-agent=transport=dt_socket,embedding=1,server=y,suspend=n,address=127.0.0.1:56584
Begin MonoManager ReloadAssembly
Registering precompiled unity dll's ...
Register platform support module: C:/Program Files/Unity/Hub/Editor/2020.3.36f1/Editor/Data/PlaybackEngines/WindowsStandaloneSupport/UnityEditor.WindowsStandalone.Extensions.dll
Registered in 0.001666 seconds.
Native extension for WindowsStandalone target not found
Refreshing native plugins compatible for Editor in 46.30 ms, found 2 plugins.
Preloading 0 native plugins for Editor in 0.00 ms.
Mono: successfully reloaded assembly
- Completed reload, in  0.717 seconds
Domain Reload Profiling:
	ReloadAssembly (717ms)
		BeginReloadAssembly (72ms)
			ExecutionOrderSort (0ms)
			DisableScriptedObjects (0ms)
			BackupInstance (0ms)
			ReleaseScriptingObjects (0ms)
			CreateAndSetChildDomain (1ms)
		EndReloadAssembly (562ms)
			LoadAssemblies (70ms)
			RebuildTransferFunctionScriptingTraits (0ms)
			SetupTypeCache (179ms)
			ReleaseScriptCaches (0ms)
			RebuildScriptCaches (43ms)
			SetupLoadedEditorAssemblies (207ms)
				LogAssemblyErrors (0ms)
				InitializePlatformSupportModulesInManaged (7ms)
				SetLoadedEditorAssemblies (0ms)
				RefreshPlugins (46ms)
				BeforeProcessingInitializeOnLoad (12ms)
				ProcessInitializeOnLoadAttributes (106ms)
				ProcessInitializeOnLoadMethodAttributes (35ms)
				AfterProcessingInitializeOnLoad (0ms)
				EditorAssembliesLoaded (0ms)
			ExecutionOrderSort2 (0ms)
			AwakeInstancesAfterBackupRestoration (0ms)
Platform modules already initialized, skipping
Registering precompiled user dll's ...
Registered in 0.003047 seconds.
Begin MonoManager ReloadAssembly
Native extension for WindowsStandalone target not found
Refreshing native plugins compatible for Editor in 0.41 ms, found 2 plugins.
Preloading 0 native plugins for Editor in 0.00 ms.
Mono: successfully reloaded assembly
- Completed reload, in  1.141 seconds
Domain Reload Profiling:
	ReloadAssembly (1142ms)
		BeginReloadAssembly (172ms)
			ExecutionOrderSort (0ms)
			DisableScriptedObjects (5ms)
			BackupInstance (0ms)
			ReleaseScriptingObjects (0ms)
			CreateAndSetChildDomain (22ms)
		EndReloadAssembly (904ms)
			LoadAssemblies (100ms)
			RebuildTransferFunctionScriptingTraits (0ms)
			SetupTypeCache (338ms)
			ReleaseScriptCaches (0ms)
			RebuildScriptCaches (47ms)
			SetupLoadedEditorAssemblies (327ms)
				LogAssemblyErrors (0ms)
				InitializePlatformSupportModulesInManaged (5ms)
				SetLoadedEditorAssemblies (1ms)
				RefreshPlugins (0ms)
				BeforeProcessingInitializeOnLoad (59ms)
				ProcessInitializeOnLoadAttributes (240ms)
				ProcessInitializeOnLoadMethodAttributes (17ms)
				AfterProcessingInitializeOnLoad (5ms)
				EditorAssembliesLoaded (0ms)
			ExecutionOrderSort2 (0ms)
			AwakeInstancesAfterBackupRestoration (2ms)
Platform modules already initialized, skipping
========================================================================
Worker process is ready to serve import requests
Launched and connected shader compiler UnityShaderCompiler.exe after 0.10 seconds
Refreshing native plugins compatible for Editor in 0.42 ms, found 2 plugins.
Preloading 0 native plugins for Editor in 0.00 ms.
Unloading 1515 Unused Serialized files (Serialized files now loaded: 0)
System memory in use before: 70.2 MB.
System memory in use after: 70.3 MB.

Unloading 16 unused Assets to reduce memory usage. Loaded Objects now: 1951.
Total: 3.305800 ms (FindLiveObjects: 0.143900 ms CreateObjectMapping: 0.049100 ms MarkObjects: 3.039400 ms  DeleteObjects: 0.072100 ms)

AssetImportParameters requested are different than current active one (requested -> active):
  custom:framework-win-MediaFoundation: 216162199b28c13a410421893ffa2e32 -> 
  custom:video-decoder-ogg-theora: a1e56fd34408186e4bbccfd4996cb3dc -> 
  custom:container-muxer-webm: aa71ff27fc2769a1b78a27578f13a17b -> 
  custom:container-demuxer-webm: 4f35f7cbe854078d1ac9338744f61a02 -> 
  custom:container-demuxer-ogg: 62fdf1f143b41e24485cea50d1cbac27 -> 
  custom:video-encoder-webm-vp8: eb34c28f22e8b96e1ab97ce403110664 -> 
  custom:video-decoder-webm-vp8: 9c59270c3fd7afecdb556c50c9e8de78 -> 
  custom:audio-decoder-ogg-vorbis: bf7c407c2cedff20999df2af8eb42d56 -> 
  custom:audio-encoder-webm-vorbis: bf7c407c2cedff20999df2af8eb42d56 -> 
========================================================================
Received Import Request.
  path: Assets/23-guitar/Guitar/Guitar.3ds
  artifactKey: Guid(7d5fbd3413ea1514db0a8215a2f78364) Importer(815301076,1909f56bfc062723c751e8b465ee728b)
Start importing Assets/23-guitar/Guitar/Guitar.3ds using Guid(7d5fbd3413ea1514db0a8215a2f78364) Importer(815301076,1909f56bfc062723c751e8b465ee728b)  -> (artifact id: 'c39314b08eb7fc2f031ac1f8ab8ce8a4') in 0.367879 seconds 
========================================================================
Received Import Request.
  Time since last request: 0.000284 seconds.
  path: Assets/23-guitar
  artifactKey: Guid(8e5994eb5132cc448b8111ca3dc18a9a) Importer(815301076,1909f56bfc062723c751e8b465ee728b)
Start importing Assets/23-guitar using Guid(8e5994eb5132cc448b8111ca3dc18a9a) Importer(815301076,1909f56bfc062723c751e8b465ee728b)  -> (artifact id: '7cf002dd5c7c43e6ea07645fc2e1b235') in 0.002401 seconds 
========================================================================
Received Import Request.
  Time since last request: 0.000309 seconds.
  path: Assets/23-guitar/Guitar/Guitar.obj
  artifactKey: Guid(eb382bc29be07b746ad4981f80ce696a) Importer(815301076,1909f56bfc062723c751e8b465ee728b)
Start importing Assets/23-guitar/Guitar/Guitar.obj using Guid(eb382bc29be07b746ad4981f80ce696a) Importer(815301076,1909f56bfc062723c751e8b465ee728b)  -> (artifact id: '8fa7d50719d0d62c7dc7bc46bd36ebf2') in 0.123733 seconds 
========================================================================
Received Import Request.
  Time since last request: 0.000261 seconds.
  path: Assets/23-guitar/Guitar/body.mat
  artifactKey: Guid(ff47b2a327ffc5f46adb12cc681b4a79) Importer(815301076,1909f56bfc062723c751e8b465ee728b)
Start importing Assets/23-guitar/Guitar/body.mat using Guid(ff47b2a327ffc5f46adb12cc681b4a79) Importer(815301076,1909f56bfc062723c751e8b465ee728b)  -> (artifact id: '126899de37280546afede337beef734c') in 0.012719 seconds 
========================================================================
Received Import Request.
  Time since last request: 0.000640 seconds.
  path: Assets/23-guitar/Guitar/black.mat
  artifactKey: Guid(859637219de5f9847834023032dd95e2) Importer(815301076,1909f56bfc062723c751e8b465ee728b)
Start importing Assets/23-guitar/Guitar/black.mat using Guid(859637219de5f9847834023032dd95e2) Importer(815301076,1909f56bfc062723c751e8b465ee728b)  -> (artifact id: 'cc5149a6171c0b99e4c732e576dc680d') in 0.012242 seconds 
========================================================================
Received Import Request.
  Time since last request: 0.000327 seconds.
  path: Assets/23-guitar/Guitar/orange.mat
  artifactKey: Guid(8231a460a7bbaca4b8523e41934e6468) Importer(815301076,1909f56bfc062723c751e8b465ee728b)
Start importing Assets/23-guitar/Guitar/orange.mat using Guid(8231a460a7bbaca4b8523e41934e6468) Importer(815301076,1909f56bfc062723c751e8b465ee728b)  -> (artifact id: '88ec3229b28150c99487d675d718f7fe') in 0.011059 seconds 
========================================================================
Received Import Request.
  Time since last request: 0.000385 seconds.
  path: Assets/23-guitar/Guitar
  artifactKey: Guid(57873d426b4e3f94399ad25a8ec98fff) Importer(815301076,1909f56bfc062723c751e8b465ee728b)
Start importing Assets/23-guitar/Guitar using Guid(57873d426b4e3f94399ad25a8ec98fff) Importer(815301076,1909f56bfc062723c751e8b465ee728b)  -> (artifact id: 'b531a9289cd843e904c0bb1d9106696c') in 0.002746 seconds 
========================================================================
Received Import Request.
  Time since last request: 0.000296 seconds.
  path: Assets/23-guitar/Guitar/Guitar.blend
  artifactKey: Guid(9c5eb9a91f8a95b42b32b7bd0a8400d4) Importer(815301076,1909f56bfc062723c751e8b465ee728b)
Start importing Assets/23-guitar/Guitar/Guitar.blend using Guid(9c5eb9a91f8a95b42b32b7bd0a8400d4) Importer(815301076,1909f56bfc062723c751e8b465ee728b)  -> (artifact id: '3ac1e903ca2070543369253060a86263') in 0.217390 seconds 
========================================================================
Received Import Request.
  Time since last request: 0.000291 seconds.
  path: Assets/23-guitar/Guitar/Guitar.mtl
  artifactKey: Guid(4092a373f9f474b4795c8b550a0fddf7) Importer(815301076,1909f56bfc062723c751e8b465ee728b)
Start importing Assets/23-guitar/Guitar/Guitar.mtl using Guid(4092a373f9f474b4795c8b550a0fddf7) Importer(815301076,1909f56bfc062723c751e8b465ee728b)  -> (artifact id: '9d9a90938aca57142280d43e36a77c7b') in 0.005044 seconds 
========================================================================
Received Import Request.
  Time since last request: 0.000331 seconds.
  path: Assets/23-guitar/Guitar/Guitar.mat
  artifactKey: Guid(660b392412d3ea247b3197b53f8110c9) Importer(815301076,1909f56bfc062723c751e8b465ee728b)
Start importing Assets/23-guitar/Guitar/Guitar.mat using Guid(660b392412d3ea247b3197b53f8110c9) Importer(815301076,1909f56bfc062723c751e8b465ee728b)  -> (artifact id: '224ab14a7031dbe3e6fa5a2dba779686') in 0.011682 seconds 
========================================================================
Received Import Request.
  Time since last request: 28.205359 seconds.
  path: Assets/FirstPersion AIO Pack/Documentation.rtf
  artifactKey: Guid(98366f1bd9ff5434fbfa07c8cbf71070) Importer(815301076,1909f56bfc062723c751e8b465ee728b)
Start importing Assets/FirstPersion AIO Pack/Documentation.rtf using Guid(98366f1bd9ff5434fbfa07c8cbf71070) Importer(815301076,1909f56bfc062723c751e8b465ee728b)  -> (artifact id: '7d084921c878ac05da901bd1cc45be10') in 0.006554 seconds 
========================================================================
Received Import Request.
  Time since last request: 0.434586 seconds.
  path: Assets/FirstPersion AIO Pack/FirstPersonAIO
  artifactKey: Guid(4e8e8b0393bf92341b3d06aca6eb6993) Importer(815301076,1909f56bfc062723c751e8b465ee728b)
Start importing Assets/FirstPersion AIO Pack/FirstPersonAIO using Guid(4e8e8b0393bf92341b3d06aca6eb6993) Importer(815301076,1909f56bfc062723c751e8b465ee728b)  -> (artifact id: '4004ee61c7993f9a2f81d5739cb69455') in 0.002093 seconds 
========================================================================
Received Import Request.
  Time since last request: 0.032778 seconds.
  path: Assets/FirstPersion AIO Pack/FirstPersonAIO/FirstPerson-AIO.prefab
  artifactKey: Guid(2e62f5703e5f8d2488a5e1bc8433be41) Importer(815301076,1909f56bfc062723c751e8b465ee728b)
Start importing Assets/FirstPersion AIO Pack/FirstPersonAIO/FirstPerson-AIO.prefab using Guid(2e62f5703e5f8d2488a5e1bc8433be41) Importer(815301076,1909f56bfc062723c751e8b465ee728b)  -> (artifact id: 'f75a5caf833fc1090d807661f05ba2c1') in 0.023608 seconds 
========================================================================
Received Import Request.
  Time since last request: 20.318510 seconds.
  path: Assets/Room/Floor/Wood051_2K_Color.jpg
  artifactKey: Guid(14c04cc21b22cb4468c2722cc6116c8f) Importer(815301076,1909f56bfc062723c751e8b465ee728b)
Start importing Assets/Room/Floor/Wood051_2K_Color.jpg using Guid(14c04cc21b22cb4468c2722cc6116c8f) Importer(815301076,1909f56bfc062723c751e8b465ee728b)  -> (artifact id: 'aed687f0d440d34958812afa7e5be938') in 0.066408 seconds 
========================================================================
Received Import Request.
  Time since last request: 0.000333 seconds.
  path: Assets/Room/Floor/Wood051_2K_Roughness.jpg
  artifactKey: Guid(91b933f7d9176c7479a530b8755e1f8f) Importer(815301076,1909f56bfc062723c751e8b465ee728b)
Start importing Assets/Room/Floor/Wood051_2K_Roughness.jpg using Guid(91b933f7d9176c7479a530b8755e1f8f) Importer(815301076,1909f56bfc062723c751e8b465ee728b)  -> (artifact id: '7532acb2ca70f698c113b691d3f879e0') in 0.016595 seconds 
========================================================================
Received Import Request.
  Time since last request: 0.000351 seconds.
  path: Assets/Room/Floor/Wood051_2K_Normal.jpg
  artifactKey: Guid(258ffe0d313ece5478837a80ef8ace45) Importer(815301076,1909f56bfc062723c751e8b465ee728b)
Start importing Assets/Room/Floor/Wood051_2K_Normal.jpg using Guid(258ffe0d313ece5478837a80ef8ace45) Importer(815301076,1909f56bfc062723c751e8b465ee728b)  -> (artifact id: '61e59b0883473c5efb5230fc94dc42ef') in 0.020589 seconds 
========================================================================
Received Import Request.
  Time since last request: 0.000399 seconds.
  path: Assets/Room/Floor/Wood051_2K_Displacement.jpg
  artifactKey: Guid(a0afd2f3c7e5a2e4a89ce842e1c19f94) Importer(815301076,1909f56bfc062723c751e8b465ee728b)
Start importing Assets/Room/Floor/Wood051_2K_Displacement.jpg using Guid(a0afd2f3c7e5a2e4a89ce842e1c19f94) Importer(815301076,1909f56bfc062723c751e8b465ee728b)  -> (artifact id: 'bfef7fb4abf61a38257ac15d962e6318') in 0.013968 seconds 
========================================================================
Received Import Request.
  Time since last request: 2.897900 seconds.
  path: Assets/Models/Materials/AngleRoomAmbient_Occlusion.mat
  artifactKey: Guid(3629f9dffb8a51c42bb36db45d514a73) Importer(815301076,1909f56bfc062723c751e8b465ee728b)
Start importing Assets/Models/Materials/AngleRoomAmbient_Occlusion.mat using Guid(3629f9dffb8a51c42bb36db45d514a73) Importer(815301076,1909f56bfc062723c751e8b465ee728b)  -> (artifact id: 'fbf45f7516aeab337678e89bc5924c0a') in 0.012951 seconds 
========================================================================
Received Import Request.
  Time since last request: 0.000339 seconds.
  path: Assets/Models/Materials/RectangleRoomAmbient_Occlusion.mat
  artifactKey: Guid(936c4f6e2e366564a84ecf3ee194adbb) Importer(815301076,1909f56bfc062723c751e8b465ee728b)
Start importing Assets/Models/Materials/RectangleRoomAmbient_Occlusion.mat using Guid(936c4f6e2e366564a84ecf3ee194adbb) Importer(815301076,1909f56bfc062723c751e8b465ee728b)  -> (artifact id: '842bdbdcdaac775493cbb792f22e1f03') in 0.014575 seconds 
========================================================================
Received Import Request.
  Time since last request: 0.000328 seconds.
  path: Assets/Models/Materials/RectangleRoomSurface_Color.mat
  artifactKey: Guid(50fc3ef165a6aaf4183a6c7af35c124d) Importer(815301076,1909f56bfc062723c751e8b465ee728b)
Start importing Assets/Models/Materials/RectangleRoomSurface_Color.mat using Guid(50fc3ef165a6aaf4183a6c7af35c124d) Importer(815301076,1909f56bfc062723c751e8b465ee728b)  -> (artifact id: 'a8c59ae968ca7af3769f7dbd545756df') in 0.016945 seconds 
========================================================================
Received Import Request.
  Time since last request: 0.000407 seconds.
  path: Assets/Models/Materials/OctagonRoomAmbient_Occlusion.mat
  artifactKey: Guid(511768f2dd44ed54da5d544ba7f8cf49) Importer(815301076,1909f56bfc062723c751e8b465ee728b)
Start importing Assets/Models/Materials/OctagonRoomAmbient_Occlusion.mat using Guid(511768f2dd44ed54da5d544ba7f8cf49) Importer(815301076,1909f56bfc062723c751e8b465ee728b)  -> (artifact id: 'a36c137e988cc287d0b64ad98acae11d') in 0.017233 seconds 
========================================================================
Received Import Request.
  Time since last request: 5.284210 seconds.
  path: Assets/MenuBoard/Font/Bad Gong.ttf
  artifactKey: Guid(66175ce4539650347978966f9f548d0b) Importer(815301076,1909f56bfc062723c751e8b465ee728b)
Start importing Assets/MenuBoard/Font/Bad Gong.ttf using Guid(66175ce4539650347978966f9f548d0b) Importer(815301076,1909f56bfc062723c751e8b465ee728b)  -> (artifact id: '54a5631f84fe74e6cf81f0603bd2e06b') in 0.019797 seconds 
========================================================================
Received Import Request.
  Time since last request: 0.371700 seconds.
  path: Assets/MenuBoard/Prefabs/menuboard.prefab
  artifactKey: Guid(affd85d75c3c8e54b802be2df6f1770f) Importer(815301076,1909f56bfc062723c751e8b465ee728b)
Start importing Assets/MenuBoard/Prefabs/menuboard.prefab using Guid(affd85d75c3c8e54b802be2df6f1770f) Importer(815301076,1909f56bfc062723c751e8b465ee728b)  -> (artifact id: '70e34b32024bc6f31684b852b663caab') in 0.030402 seconds 
========================================================================
Received Import Request.
  Time since last request: 0.000353 seconds.
  path: Assets/MenuBoard/Prefabs/MenuBoard_simple.prefab
  artifactKey: Guid(8c9f0c23c52027445b918539b1026af4) Importer(815301076,1909f56bfc062723c751e8b465ee728b)
Start importing Assets/MenuBoard/Prefabs/MenuBoard_simple.prefab using Guid(8c9f0c23c52027445b918539b1026af4) Importer(815301076,1909f56bfc062723c751e8b465ee728b)  -> (artifact id: '1b4efe595c4c4c43b2ac83cae24fbe5b') in 0.022432 seconds 
========================================================================
Received Import Request.
  Time since last request: 0.000316 seconds.
  path: Assets/MenuBoard/Prefabs/MenuBoard_double.prefab
  artifactKey: Guid(29f49c4f87606ce47924a910b8793034) Importer(815301076,1909f56bfc062723c751e8b465ee728b)
Start importing Assets/MenuBoard/Prefabs/MenuBoard_double.prefab using Guid(29f49c4f87606ce47924a910b8793034) Importer(815301076,1909f56bfc062723c751e8b465ee728b)  -> (artifact id: '94c940a8710c724e1f9df461a422f548') in 0.017203 seconds 
========================================================================
Received Import Request.
  Time since last request: 1.137237 seconds.
  path: Assets/Models/AngleRoomAmbient_Occlusion.png
  artifactKey: Guid(a4780a8ff5c4d4f7393526431ee2de72) Importer(815301076,1909f56bfc062723c751e8b465ee728b)
Start importing Assets/Models/AngleRoomAmbient_Occlusion.png using Guid(a4780a8ff5c4d4f7393526431ee2de72) Importer(815301076,1909f56bfc062723c751e8b465ee728b)  -> (artifact id: '426de0e54189e7c420a843f17449d259') in 0.013353 seconds 
========================================================================
Received Import Request.
  Time since last request: 0.000381 seconds.
  path: Assets/Models/OctagonRoomAmbient_Occlusion.png
  artifactKey: Guid(b4173c514e6e1485fb2e003fd12370ef) Importer(815301076,1909f56bfc062723c751e8b465ee728b)
Start importing Assets/Models/OctagonRoomAmbient_Occlusion.png using Guid(b4173c514e6e1485fb2e003fd12370ef) Importer(815301076,1909f56bfc062723c751e8b465ee728b)  -> (artifact id: 'd7839871156229a7f1cb0c5b69ae5aeb') in 0.012264 seconds 
========================================================================
Received Import Request.
  Time since last request: 0.000404 seconds.
  path: Assets/Models/RectangleRoomAmbient_Occlusion.png
  artifactKey: Guid(c73e9aada76aa4255a4ab1da28fb806e) Importer(815301076,1909f56bfc062723c751e8b465ee728b)
Start importing Assets/Models/RectangleRoomAmbient_Occlusion.png using Guid(c73e9aada76aa4255a4ab1da28fb806e) Importer(815301076,1909f56bfc062723c751e8b465ee728b)  -> (artifact id: 'fea7c556f9b394d6be88b7aa19b54f67') in 0.013392 seconds 
========================================================================
Received Import Request.
  Time since last request: 0.000435 seconds.
  path: Assets/Models/WalkwayAmbient_Occlusion.png
  artifactKey: Guid(c47003747120e4743aeeaea3f44c08aa) Importer(815301076,1909f56bfc062723c751e8b465ee728b)
Start importing Assets/Models/WalkwayAmbient_Occlusion.png using Guid(c47003747120e4743aeeaea3f44c08aa) Importer(815301076,1909f56bfc062723c751e8b465ee728b)  -> (artifact id: '35976b8b8c77228f344c386d8c7f8318') in 0.014589 seconds 
========================================================================
Received Import Request.
  Time since last request: 0.000405 seconds.
  path: Assets/Models/WalkwaySurface_Color.png
  artifactKey: Guid(10135d1fe0d2240938a3567eaa69296d) Importer(815301076,1909f56bfc062723c751e8b465ee728b)
Start importing Assets/Models/WalkwaySurface_Color.png using Guid(10135d1fe0d2240938a3567eaa69296d) Importer(815301076,1909f56bfc062723c751e8b465ee728b)  -> (artifact id: '2f6a4cb7e0ba6618ad3a73e96f4671bf') in 0.016176 seconds 
========================================================================
Received Import Request.
  Time since last request: 0.000271 seconds.
  path: Assets/Models/AngleRoomSurface_Color.png
  artifactKey: Guid(201c01d48918e451f974b16c83fe4fdb) Importer(815301076,1909f56bfc062723c751e8b465ee728b)
Start importing Assets/Models/AngleRoomSurface_Color.png using Guid(201c01d48918e451f974b16c83fe4fdb) Importer(815301076,1909f56bfc062723c751e8b465ee728b)  -> (artifact id: 'b7d60d8a2f403c73df3d0b51f8a23b9f') in 0.013509 seconds 
========================================================================
Received Import Request.
  Time since last request: 0.000341 seconds.
  path: Assets/Models/museum.fbx
  artifactKey: Guid(8c08292520848469094a81aa5ffebfbe) Importer(815301076,1909f56bfc062723c751e8b465ee728b)
Start importing Assets/Models/museum.fbx using Guid(8c08292520848469094a81aa5ffebfbe) Importer(815301076,1909f56bfc062723c751e8b465ee728b)  -> (artifact id: 'e59eb5e6fdca4fbcfe3e98efd3b92e49') in 0.250146 seconds 
========================================================================
Received Import Request.
  Time since last request: 0.000285 seconds.
  path: Assets/Models/RectangleRoomSurface_Color.png
  artifactKey: Guid(4b101de0179c24acc859abad65611557) Importer(815301076,1909f56bfc062723c751e8b465ee728b)
Start importing Assets/Models/RectangleRoomSurface_Color.png using Guid(4b101de0179c24acc859abad65611557) Importer(815301076,1909f56bfc062723c751e8b465ee728b)  -> (artifact id: 'd0645dabecac526c6306b00918e8e464') in 0.011683 seconds 
========================================================================
Received Import Request.
  Time since last request: 0.000382 seconds.
  path: Assets/Models/RoundRoomAmbient_Occlusion.png
  artifactKey: Guid(97a4d356c296a419ebb1288b713f5606) Importer(815301076,1909f56bfc062723c751e8b465ee728b)
Start importing Assets/Models/RoundRoomAmbient_Occlusion.png using Guid(97a4d356c296a419ebb1288b713f5606) Importer(815301076,1909f56bfc062723c751e8b465ee728b)  -> (artifact id: '3b27befd76878f7b2dcdf54b1a10c75e') in 0.012485 seconds 
========================================================================
Received Import Request.
  Time since last request: 0.000412 seconds.
  path: Assets/Models/RoundRoomSurface_Color.png
  artifactKey: Guid(a4bb3374aac2a43d19b07aefcb51be07) Importer(815301076,1909f56bfc062723c751e8b465ee728b)
Start importing Assets/Models/RoundRoomSurface_Color.png using Guid(a4bb3374aac2a43d19b07aefcb51be07) Importer(815301076,1909f56bfc062723c751e8b465ee728b)  -> (artifact id: '4d8f7ede41880d8d3e06620f64fd79ec') in 0.011765 seconds 
========================================================================
Received Import Request.
  Time since last request: 0.000407 seconds.
  path: Assets/Models/OctagonRoomSurface_Color.png
  artifactKey: Guid(b5b8378a62cce401b91b34f96ef019ab) Importer(815301076,1909f56bfc062723c751e8b465ee728b)
Start importing Assets/Models/OctagonRoomSurface_Color.png using Guid(b5b8378a62cce401b91b34f96ef019ab) Importer(815301076,1909f56bfc062723c751e8b465ee728b)  -> (artifact id: 'd0a5813975d1eef8ec6d0c8f4bb5e4df') in 0.014810 seconds 
========================================================================
Received Import Request.
  Time since last request: 11.438520 seconds.
  path: Assets/Scenes/SampleScene 1.unity
  artifactKey: Guid(e4ee80cd6df1c564c94cab46d162ea72) Importer(815301076,1909f56bfc062723c751e8b465ee728b)
Start importing Assets/Scenes/SampleScene 1.unity using Guid(e4ee80cd6df1c564c94cab46d162ea72) Importer(815301076,1909f56bfc062723c751e8b465ee728b)  -> (artifact id: '70a0a99b588622897e6b9d25d492790d') in 0.002315 seconds 
========================================================================
Received Import Request.
  Time since last request: 4.286429 seconds.
  path: Assets/Scenes/SampleScene.unity
  artifactKey: Guid(9fc0d4010bbf28b4594072e72b8655ab) Importer(815301076,1909f56bfc062723c751e8b465ee728b)
Start importing Assets/Scenes/SampleScene.unity using Guid(9fc0d4010bbf28b4594072e72b8655ab) Importer(815301076,1909f56bfc062723c751e8b465ee728b)  -> (artifact id: '073b95d392850ba3bcd5b40acba46316') in 0.002586 seconds 
========================================================================
Received Prepare
Registering precompiled user dll's ...
Registered in 0.004515 seconds.
Begin MonoManager ReloadAssembly
Native extension for WindowsStandalone target not found
Refreshing native plugins compatible for Editor in 0.38 ms, found 2 plugins.
Preloading 0 native plugins for Editor in 0.00 ms.
Mono: successfully reloaded assembly
- Completed reload, in  1.203 seconds
Domain Reload Profiling:
	ReloadAssembly (1203ms)
		BeginReloadAssembly (128ms)
			ExecutionOrderSort (0ms)
			DisableScriptedObjects (6ms)
			BackupInstance (0ms)
			ReleaseScriptingObjects (0ms)
			CreateAndSetChildDomain (39ms)
		EndReloadAssembly (1006ms)
			LoadAssemblies (106ms)
			RebuildTransferFunctionScriptingTraits (0ms)
			SetupTypeCache (353ms)
			ReleaseScriptCaches (1ms)
			RebuildScriptCaches (49ms)
			SetupLoadedEditorAssemblies (388ms)
				LogAssemblyErrors (0ms)
				InitializePlatformSupportModulesInManaged (5ms)
				SetLoadedEditorAssemblies (1ms)
				RefreshPlugins (0ms)
				BeforeProcessingInitializeOnLoad (61ms)
				ProcessInitializeOnLoadAttributes (295ms)
				ProcessInitializeOnLoadMethodAttributes (19ms)
				AfterProcessingInitializeOnLoad (6ms)
				EditorAssembliesLoaded (0ms)
			ExecutionOrderSort2 (0ms)
			AwakeInstancesAfterBackupRestoration (3ms)
Platform modules already initialized, skipping
Refreshing native plugins compatible for Editor in 0.44 ms, found 2 plugins.
Preloading 0 native plugins for Editor in 0.00 ms.
Unloading 1508 Unused Serialized files (Serialized files now loaded: 0)
System memory in use before: 73.8 MB.
System memory in use after: 73.9 MB.

Unloading 12 unused Assets to reduce memory usage. Loaded Objects now: 2002.
Total: 3.600300 ms (FindLiveObjects: 0.170000 ms CreateObjectMapping: 0.071000 ms MarkObjects: 3.326700 ms  DeleteObjects: 0.031200 ms)

AssetImportParameters requested are different than current active one (requested -> active):
  custom:framework-win-MediaFoundation: 216162199b28c13a410421893ffa2e32 -> 
  custom:video-decoder-ogg-theora: a1e56fd34408186e4bbccfd4996cb3dc -> 
  custom:container-muxer-webm: aa71ff27fc2769a1b78a27578f13a17b -> 
  custom:container-demuxer-webm: 4f35f7cbe854078d1ac9338744f61a02 -> 
  custom:container-demuxer-ogg: 62fdf1f143b41e24485cea50d1cbac27 -> 
  custom:video-encoder-webm-vp8: eb34c28f22e8b96e1ab97ce403110664 -> 
  custom:video-decoder-webm-vp8: 9c59270c3fd7afecdb556c50c9e8de78 -> 
  custom:audio-decoder-ogg-vorbis: bf7c407c2cedff20999df2af8eb42d56 -> 
  custom:audio-encoder-webm-vorbis: bf7c407c2cedff20999df2af8eb42d56 -> 
========================================================================
Received Prepare
Registering precompiled user dll's ...
Registered in 0.002966 seconds.
Begin MonoManager ReloadAssembly
Native extension for WindowsStandalone target not found
Refreshing native plugins compatible for Editor in 0.41 ms, found 2 plugins.
Preloading 0 native plugins for Editor in 0.00 ms.
Mono: successfully reloaded assembly
- Completed reload, in  1.021 seconds
Domain Reload Profiling:
	ReloadAssembly (1022ms)
		BeginReloadAssembly (120ms)
			ExecutionOrderSort (0ms)
			DisableScriptedObjects (6ms)
			BackupInstance (0ms)
			ReleaseScriptingObjects (0ms)
			CreateAndSetChildDomain (35ms)
		EndReloadAssembly (831ms)
			LoadAssemblies (97ms)
			RebuildTransferFunctionScriptingTraits (0ms)
			SetupTypeCache (285ms)
			ReleaseScriptCaches (1ms)
			RebuildScriptCaches (45ms)
			SetupLoadedEditorAssemblies (306ms)
				LogAssemblyErrors (0ms)
				InitializePlatformSupportModulesInManaged (5ms)
				SetLoadedEditorAssemblies (1ms)
				RefreshPlugins (0ms)
				BeforeProcessingInitializeOnLoad (54ms)
				ProcessInitializeOnLoadAttributes (225ms)
				ProcessInitializeOnLoadMethodAttributes (15ms)
				AfterProcessingInitializeOnLoad (5ms)
				EditorAssembliesLoaded (0ms)
			ExecutionOrderSort2 (0ms)
			AwakeInstancesAfterBackupRestoration (2ms)
Platform modules already initialized, skipping
Refreshing native plugins compatible for Editor in 0.41 ms, found 2 plugins.
Preloading 0 native plugins for Editor in 0.00 ms.
Unloading 1508 Unused Serialized files (Serialized files now loaded: 0)
System memory in use before: 73.8 MB.
System memory in use after: 73.9 MB.

Unloading 11 unused Assets to reduce memory usage. Loaded Objects now: 2005.
Total: 3.063100 ms (FindLiveObjects: 0.218500 ms CreateObjectMapping: 0.068600 ms MarkObjects: 2.749200 ms  DeleteObjects: 0.026000 ms)

AssetImportParameters requested are different than current active one (requested -> active):
  custom:framework-win-MediaFoundation: 216162199b28c13a410421893ffa2e32 -> 
  custom:video-decoder-ogg-theora: a1e56fd34408186e4bbccfd4996cb3dc -> 
  custom:container-muxer-webm: aa71ff27fc2769a1b78a27578f13a17b -> 
  custom:container-demuxer-webm: 4f35f7cbe854078d1ac9338744f61a02 -> 
  custom:container-demuxer-ogg: 62fdf1f143b41e24485cea50d1cbac27 -> 
  custom:video-encoder-webm-vp8: eb34c28f22e8b96e1ab97ce403110664 -> 
  custom:video-decoder-webm-vp8: 9c59270c3fd7afecdb556c50c9e8de78 -> 
  custom:audio-decoder-ogg-vorbis: bf7c407c2cedff20999df2af8eb42d56 -> 
  custom:audio-encoder-webm-vorbis: bf7c407c2cedff20999df2af8eb42d56 -> 
AssetImportWorkerClient::OnTransportError - code=2 error=End of file
